This is pdfTeX, Version 3.14159265-2.6-1.40.17 (TeX Live 2016/Arch Linux) (preloaded format=pdflatex 2016.8.19)  13 SEP 2016 12:59
entering extended mode
 restricted \write18 enabled.
 %&-line parsing enabled.
**thesis.tex
(./thesis.tex
LaTeX2e <2016/03/31> patch level 3
Babel <3.9r> and hyphenation patterns for 83 language(s) loaded.
(/usr/share/texmf-dist/tex/latex/base/book.cls
Document Class: book 2014/09/29 v1.4h Standard LaTeX document class
(/usr/share/texmf-dist/tex/latex/base/bk11.clo
File: bk11.clo 2014/09/29 v1.4h Standard LaTeX file (size option)
)
\c@part=\count79
\c@chapter=\count80
\c@section=\count81
\c@subsection=\count82
\c@subsubsection=\count83
\c@paragraph=\count84
\c@subparagraph=\count85
\c@figure=\count86
\c@table=\count87
\abovecaptionskip=\skip41
\belowcaptionskip=\skip42
\bibindent=\dimen102
) (./mythesis.sty
(/usr/share/texmf-dist/tex/latex/geometry/geometry.sty
Package: geometry 2010/09/12 v5.6 Page Geometry

(/usr/share/texmf-dist/tex/latex/graphics/keyval.sty
Package: keyval 2014/10/28 v1.15 key=value parser (DPC)
\KV@toks@=\toks14
)
(/usr/share/texmf-dist/tex/generic/oberdiek/ifpdf.sty
Package: ifpdf 2016/05/14 v3.1 Provides the ifpdf switch
)
(/usr/share/texmf-dist/tex/generic/oberdiek/ifvtex.sty
Package: ifvtex 2016/05/16 v1.6 Detect VTeX and its facilities (HO)
Package ifvtex Info: VTeX not detected.
)
(/usr/share/texmf-dist/tex/generic/ifxetex/ifxetex.sty
Package: ifxetex 2010/09/12 v0.6 Provides ifxetex conditional
)
\Gm@cnth=\count88
\Gm@cntv=\count89
\c@Gm@tempcnt=\count90
\Gm@bindingoffset=\dimen103
\Gm@wd@mp=\dimen104
\Gm@odd@mp=\dimen105
\Gm@even@mp=\dimen106
\Gm@layoutwidth=\dimen107
\Gm@layoutheight=\dimen108
\Gm@layouthoffset=\dimen109
\Gm@layoutvoffset=\dimen110
\Gm@dimlist=\toks15
))
(/usr/share/texmf-dist/tex/latex/booktabs/booktabs.sty
Package: booktabs 2016/04/27 v1.618033 publication quality tables
\heavyrulewidth=\dimen111
\lightrulewidth=\dimen112
\cmidrulewidth=\dimen113
\belowrulesep=\dimen114
\belowbottomsep=\dimen115
\aboverulesep=\dimen116
\abovetopsep=\dimen117
\cmidrulesep=\dimen118
\cmidrulekern=\dimen119
\defaultaddspace=\dimen120
\@cmidla=\count91
\@cmidlb=\count92
\@aboverulesep=\dimen121
\@belowrulesep=\dimen122
\@thisruleclass=\count93
\@lastruleclass=\count94
\@thisrulewidth=\dimen123
)
(/usr/share/texmf-dist/tex/latex/base/textcomp.sty
Package: textcomp 2016/06/19 v1.99m Standard LaTeX package
Package textcomp Info: Sub-encoding information:
(textcomp)               5 = only ISO-Adobe without \textcurrency
(textcomp)               4 = 5 + \texteuro
(textcomp)               3 = 4 + \textohm
(textcomp)               2 = 3 + \textestimated + \textcurrency
(textcomp)               1 = TS1 - \textcircled - \t
(textcomp)               0 = TS1 (full)
(textcomp)             Font families with sub-encoding setting implement
(textcomp)             only a restricted character set as indicated.
(textcomp)             Family '?' is the default used for unknown fonts.
(textcomp)             See the documentation for details.
Package textcomp Info: Setting ? sub-encoding to TS1/1 on input line 79.

(/usr/share/texmf-dist/tex/latex/base/ts1enc.def
File: ts1enc.def 2001/06/05 v3.0e (jk/car/fm) Standard LaTeX file
)
LaTeX Info: Redefining \oldstylenums on input line 334.
Package textcomp Info: Setting cmr sub-encoding to TS1/0 on input line 349.
Package textcomp Info: Setting cmss sub-encoding to TS1/0 on input line 350.
Package textcomp Info: Setting cmtt sub-encoding to TS1/0 on input line 351.
Package textcomp Info: Setting cmvtt sub-encoding to TS1/0 on input line 352.
Package textcomp Info: Setting cmbr sub-encoding to TS1/0 on input line 353.
Package textcomp Info: Setting cmtl sub-encoding to TS1/0 on input line 354.
Package textcomp Info: Setting ccr sub-encoding to TS1/0 on input line 355.
Package textcomp Info: Setting ptm sub-encoding to TS1/4 on input line 356.
Package textcomp Info: Setting pcr sub-encoding to TS1/4 on input line 357.
Package textcomp Info: Setting phv sub-encoding to TS1/4 on input line 358.
Package textcomp Info: Setting ppl sub-encoding to TS1/3 on input line 359.
Package textcomp Info: Setting pag sub-encoding to TS1/4 on input line 360.
Package textcomp Info: Setting pbk sub-encoding to TS1/4 on input line 361.
Package textcomp Info: Setting pnc sub-encoding to TS1/4 on input line 362.
Package textcomp Info: Setting pzc sub-encoding to TS1/4 on input line 363.
Package textcomp Info: Setting bch sub-encoding to TS1/4 on input line 364.
Package textcomp Info: Setting put sub-encoding to TS1/5 on input line 365.
Package textcomp Info: Setting uag sub-encoding to TS1/5 on input line 366.
Package textcomp Info: Setting ugq sub-encoding to TS1/5 on input line 367.
Package textcomp Info: Setting ul8 sub-encoding to TS1/4 on input line 368.
Package textcomp Info: Setting ul9 sub-encoding to TS1/4 on input line 369.
Package textcomp Info: Setting augie sub-encoding to TS1/5 on input line 370.
Package textcomp Info: Setting dayrom sub-encoding to TS1/3 on input line 371.
Package textcomp Info: Setting dayroms sub-encoding to TS1/3 on input line 372.

Package textcomp Info: Setting pxr sub-encoding to TS1/0 on input line 373.
Package textcomp Info: Setting pxss sub-encoding to TS1/0 on input line 374.
Package textcomp Info: Setting pxtt sub-encoding to TS1/0 on input line 375.
Package textcomp Info: Setting txr sub-encoding to TS1/0 on input line 376.
Package textcomp Info: Setting txss sub-encoding to TS1/0 on input line 377.
Package textcomp Info: Setting txtt sub-encoding to TS1/0 on input line 378.
Package textcomp Info: Setting lmr sub-encoding to TS1/0 on input line 379.
Package textcomp Info: Setting lmdh sub-encoding to TS1/0 on input line 380.
Package textcomp Info: Setting lmss sub-encoding to TS1/0 on input line 381.
Package textcomp Info: Setting lmssq sub-encoding to TS1/0 on input line 382.
Package textcomp Info: Setting lmvtt sub-encoding to TS1/0 on input line 383.
Package textcomp Info: Setting lmtt sub-encoding to TS1/0 on input line 384.
Package textcomp Info: Setting qhv sub-encoding to TS1/0 on input line 385.
Package textcomp Info: Setting qag sub-encoding to TS1/0 on input line 386.
Package textcomp Info: Setting qbk sub-encoding to TS1/0 on input line 387.
Package textcomp Info: Setting qcr sub-encoding to TS1/0 on input line 388.
Package textcomp Info: Setting qcs sub-encoding to TS1/0 on input line 389.
Package textcomp Info: Setting qpl sub-encoding to TS1/0 on input line 390.
Package textcomp Info: Setting qtm sub-encoding to TS1/0 on input line 391.
Package textcomp Info: Setting qzc sub-encoding to TS1/0 on input line 392.
Package textcomp Info: Setting qhvc sub-encoding to TS1/0 on input line 393.
Package textcomp Info: Setting futs sub-encoding to TS1/4 on input line 394.
Package textcomp Info: Setting futx sub-encoding to TS1/4 on input line 395.
Package textcomp Info: Setting futj sub-encoding to TS1/4 on input line 396.
Package textcomp Info: Setting hlh sub-encoding to TS1/3 on input line 397.
Package textcomp Info: Setting hls sub-encoding to TS1/3 on input line 398.
Package textcomp Info: Setting hlst sub-encoding to TS1/3 on input line 399.
Package textcomp Info: Setting hlct sub-encoding to TS1/5 on input line 400.
Package textcomp Info: Setting hlx sub-encoding to TS1/5 on input line 401.
Package textcomp Info: Setting hlce sub-encoding to TS1/5 on input line 402.
Package textcomp Info: Setting hlcn sub-encoding to TS1/5 on input line 403.
Package textcomp Info: Setting hlcw sub-encoding to TS1/5 on input line 404.
Package textcomp Info: Setting hlcf sub-encoding to TS1/5 on input line 405.
Package textcomp Info: Setting pplx sub-encoding to TS1/3 on input line 406.
Package textcomp Info: Setting pplj sub-encoding to TS1/3 on input line 407.
Package textcomp Info: Setting ptmx sub-encoding to TS1/4 on input line 408.
Package textcomp Info: Setting ptmj sub-encoding to TS1/4 on input line 409.
)
(/usr/share/texmf-dist/tex/latex/jknapltx/mathrsfs.sty
Package: mathrsfs 1996/01/01 Math RSFS package v1.0 (jk)
\symrsfs=\mathgroup4
) (./header.sty
(/usr/share/texmf-dist/tex/latex/graphics/epsfig.sty
Package: epsfig 1999/02/16 v1.7a (e)psfig emulation (SPQR)

(/usr/share/texmf-dist/tex/latex/graphics/graphicx.sty
Package: graphicx 2014/10/28 v1.0g Enhanced LaTeX Graphics (DPC,SPQR)

(/usr/share/texmf-dist/tex/latex/graphics/graphics.sty
Package: graphics 2016/07/10 v1.0t Standard LaTeX Graphics (DPC,SPQR)

(/usr/share/texmf-dist/tex/latex/graphics/trig.sty
Package: trig 2016/01/03 v1.10 sin cos tan (DPC)
)
(/usr/share/texmf-dist/tex/latex/graphics-cfg/graphics.cfg
File: graphics.cfg 2016/06/04 v1.11 sample graphics configuration
)
Package graphics Info: Driver file: pdftex.def on input line 99.

(/usr/share/texmf-dist/tex/latex/graphics-def/pdftex.def
File: pdftex.def 2016/07/10 v0.06j Graphics/color for pdfTeX

(/usr/share/texmf-dist/tex/generic/oberdiek/infwarerr.sty
Package: infwarerr 2016/05/16 v1.4 Providing info/warning/error messages (HO)
)
(/usr/share/texmf-dist/tex/generic/oberdiek/ltxcmds.sty
Package: ltxcmds 2016/05/16 v1.23 LaTeX kernel commands for general use (HO)
)
\Gread@gobject=\count95
))
\Gin@req@height=\dimen124
\Gin@req@width=\dimen125
)
\epsfxsize=\dimen126
\epsfysize=\dimen127
)
(/usr/share/texmf-dist/tex/latex/amsfonts/amsfonts.sty
Package: amsfonts 2013/01/14 v3.01 Basic AMSFonts support
\@emptytoks=\toks16
\symAMSa=\mathgroup5
\symAMSb=\mathgroup6
LaTeX Font Info:    Overwriting math alphabet `\mathfrak' in version `bold'
(Font)                  U/euf/m/n --> U/euf/b/n on input line 106.
)
(/usr/share/texmf-dist/tex/latex/float/float.sty
Package: float 2001/11/08 v1.3d Float enhancements (AL)
\c@float@type=\count96
\float@exts=\toks17
\float@box=\box26
\@float@everytoks=\toks18
\@floatcapt=\box27
)
(/usr/share/texmf-dist/tex/latex/base/inputenc.sty
Package: inputenc 2015/03/17 v1.2c Input encoding file
\inpenc@prehook=\toks19
\inpenc@posthook=\toks20

(/usr/share/texmf-dist/tex/latex/base/utf8.def
File: utf8.def 2016/02/28 v1.1s UTF-8 support for inputenc
Now handling font encoding OML ...
... no UTF-8 mapping file for font encoding OML
Now handling font encoding T1 ...
... processing UTF-8 mapping file for font encoding T1

(/usr/share/texmf-dist/tex/latex/base/t1enc.dfu
File: t1enc.dfu 2016/02/28 v1.1s UTF-8 support for inputenc
   defining Unicode char U+00A0 (decimal 160)
   defining Unicode char U+00A1 (decimal 161)
   defining Unicode char U+00A3 (decimal 163)
   defining Unicode char U+00AB (decimal 171)
   defining Unicode char U+00AD (decimal 173)
   defining Unicode char U+00BB (decimal 187)
   defining Unicode char U+00BF (decimal 191)
   defining Unicode char U+00C0 (decimal 192)
   defining Unicode char U+00C1 (decimal 193)
   defining Unicode char U+00C2 (decimal 194)
   defining Unicode char U+00C3 (decimal 195)
   defining Unicode char U+00C4 (decimal 196)
   defining Unicode char U+00C5 (decimal 197)
   defining Unicode char U+00C6 (decimal 198)
   defining Unicode char U+00C7 (decimal 199)
   defining Unicode char U+00C8 (decimal 200)
   defining Unicode char U+00C9 (decimal 201)
   defining Unicode char U+00CA (decimal 202)
   defining Unicode char U+00CB (decimal 203)
   defining Unicode char U+00CC (decimal 204)
   defining Unicode char U+00CD (decimal 205)
   defining Unicode char U+00CE (decimal 206)
   defining Unicode char U+00CF (decimal 207)
   defining Unicode char U+00D0 (decimal 208)
   defining Unicode char U+00D1 (decimal 209)
   defining Unicode char U+00D2 (decimal 210)
   defining Unicode char U+00D3 (decimal 211)
   defining Unicode char U+00D4 (decimal 212)
   defining Unicode char U+00D5 (decimal 213)
   defining Unicode char U+00D6 (decimal 214)
   defining Unicode char U+00D8 (decimal 216)
   defining Unicode char U+00D9 (decimal 217)
   defining Unicode char U+00DA (decimal 218)
   defining Unicode char U+00DB (decimal 219)
   defining Unicode char U+00DC (decimal 220)
   defining Unicode char U+00DD (decimal 221)
   defining Unicode char U+00DE (decimal 222)
   defining Unicode char U+00DF (decimal 223)
   defining Unicode char U+00E0 (decimal 224)
   defining Unicode char U+00E1 (decimal 225)
   defining Unicode char U+00E2 (decimal 226)
   defining Unicode char U+00E3 (decimal 227)
   defining Unicode char U+00E4 (decimal 228)
   defining Unicode char U+00E5 (decimal 229)
   defining Unicode char U+00E6 (decimal 230)
   defining Unicode char U+00E7 (decimal 231)
   defining Unicode char U+00E8 (decimal 232)
   defining Unicode char U+00E9 (decimal 233)
   defining Unicode char U+00EA (decimal 234)
   defining Unicode char U+00EB (decimal 235)
   defining Unicode char U+00EC (decimal 236)
   defining Unicode char U+00ED (decimal 237)
   defining Unicode char U+00EE (decimal 238)
   defining Unicode char U+00EF (decimal 239)
   defining Unicode char U+00F0 (decimal 240)
   defining Unicode char U+00F1 (decimal 241)
   defining Unicode char U+00F2 (decimal 242)
   defining Unicode char U+00F3 (decimal 243)
   defining Unicode char U+00F4 (decimal 244)
   defining Unicode char U+00F5 (decimal 245)
   defining Unicode char U+00F6 (decimal 246)
   defining Unicode char U+00F8 (decimal 248)
   defining Unicode char U+00F9 (decimal 249)
   defining Unicode char U+00FA (decimal 250)
   defining Unicode char U+00FB (decimal 251)
   defining Unicode char U+00FC (decimal 252)
   defining Unicode char U+00FD (decimal 253)
   defining Unicode char U+00FE (decimal 254)
   defining Unicode char U+00FF (decimal 255)
   defining Unicode char U+0100 (decimal 256)
   defining Unicode char U+0101 (decimal 257)
   defining Unicode char U+0102 (decimal 258)
   defining Unicode char U+0103 (decimal 259)
   defining Unicode char U+0104 (decimal 260)
   defining Unicode char U+0105 (decimal 261)
   defining Unicode char U+0106 (decimal 262)
   defining Unicode char U+0107 (decimal 263)
   defining Unicode char U+0108 (decimal 264)
   defining Unicode char U+0109 (decimal 265)
   defining Unicode char U+010A (decimal 266)
   defining Unicode char U+010B (decimal 267)
   defining Unicode char U+010C (decimal 268)
   defining Unicode char U+010D (decimal 269)
   defining Unicode char U+010E (decimal 270)
   defining Unicode char U+010F (decimal 271)
   defining Unicode char U+0110 (decimal 272)
   defining Unicode char U+0111 (decimal 273)
   defining Unicode char U+0112 (decimal 274)
   defining Unicode char U+0113 (decimal 275)
   defining Unicode char U+0114 (decimal 276)
   defining Unicode char U+0115 (decimal 277)
   defining Unicode char U+0116 (decimal 278)
   defining Unicode char U+0117 (decimal 279)
   defining Unicode char U+0118 (decimal 280)
   defining Unicode char U+0119 (decimal 281)
   defining Unicode char U+011A (decimal 282)
   defining Unicode char U+011B (decimal 283)
   defining Unicode char U+011C (decimal 284)
   defining Unicode char U+011D (decimal 285)
   defining Unicode char U+011E (decimal 286)
   defining Unicode char U+011F (decimal 287)
   defining Unicode char U+0120 (decimal 288)
   defining Unicode char U+0121 (decimal 289)
   defining Unicode char U+0122 (decimal 290)
   defining Unicode char U+0123 (decimal 291)
   defining Unicode char U+0124 (decimal 292)
   defining Unicode char U+0125 (decimal 293)
   defining Unicode char U+0128 (decimal 296)
   defining Unicode char U+0129 (decimal 297)
   defining Unicode char U+012A (decimal 298)
   defining Unicode char U+012B (decimal 299)
   defining Unicode char U+012C (decimal 300)
   defining Unicode char U+012D (decimal 301)
   defining Unicode char U+012E (decimal 302)
   defining Unicode char U+012F (decimal 303)
   defining Unicode char U+0130 (decimal 304)
   defining Unicode char U+0131 (decimal 305)
   defining Unicode char U+0132 (decimal 306)
   defining Unicode char U+0133 (decimal 307)
   defining Unicode char U+0134 (decimal 308)
   defining Unicode char U+0135 (decimal 309)
   defining Unicode char U+0136 (decimal 310)
   defining Unicode char U+0137 (decimal 311)
   defining Unicode char U+0139 (decimal 313)
   defining Unicode char U+013A (decimal 314)
   defining Unicode char U+013B (decimal 315)
   defining Unicode char U+013C (decimal 316)
   defining Unicode char U+013D (decimal 317)
   defining Unicode char U+013E (decimal 318)
   defining Unicode char U+0141 (decimal 321)
   defining Unicode char U+0142 (decimal 322)
   defining Unicode char U+0143 (decimal 323)
   defining Unicode char U+0144 (decimal 324)
   defining Unicode char U+0145 (decimal 325)
   defining Unicode char U+0146 (decimal 326)
   defining Unicode char U+0147 (decimal 327)
   defining Unicode char U+0148 (decimal 328)
   defining Unicode char U+014A (decimal 330)
   defining Unicode char U+014B (decimal 331)
   defining Unicode char U+014C (decimal 332)
   defining Unicode char U+014D (decimal 333)
   defining Unicode char U+014E (decimal 334)
   defining Unicode char U+014F (decimal 335)
   defining Unicode char U+0150 (decimal 336)
   defining Unicode char U+0151 (decimal 337)
   defining Unicode char U+0152 (decimal 338)
   defining Unicode char U+0153 (decimal 339)
   defining Unicode char U+0154 (decimal 340)
   defining Unicode char U+0155 (decimal 341)
   defining Unicode char U+0156 (decimal 342)
   defining Unicode char U+0157 (decimal 343)
   defining Unicode char U+0158 (decimal 344)
   defining Unicode char U+0159 (decimal 345)
   defining Unicode char U+015A (decimal 346)
   defining Unicode char U+015B (decimal 347)
   defining Unicode char U+015C (decimal 348)
   defining Unicode char U+015D (decimal 349)
   defining Unicode char U+015E (decimal 350)
   defining Unicode char U+015F (decimal 351)
   defining Unicode char U+0160 (decimal 352)
   defining Unicode char U+0161 (decimal 353)
   defining Unicode char U+0162 (decimal 354)
   defining Unicode char U+0163 (decimal 355)
   defining Unicode char U+0164 (decimal 356)
   defining Unicode char U+0165 (decimal 357)
   defining Unicode char U+0168 (decimal 360)
   defining Unicode char U+0169 (decimal 361)
   defining Unicode char U+016A (decimal 362)
   defining Unicode char U+016B (decimal 363)
   defining Unicode char U+016C (decimal 364)
   defining Unicode char U+016D (decimal 365)
   defining Unicode char U+016E (decimal 366)
   defining Unicode char U+016F (decimal 367)
   defining Unicode char U+0170 (decimal 368)
   defining Unicode char U+0171 (decimal 369)
   defining Unicode char U+0172 (decimal 370)
   defining Unicode char U+0173 (decimal 371)
   defining Unicode char U+0174 (decimal 372)
   defining Unicode char U+0175 (decimal 373)
   defining Unicode char U+0176 (decimal 374)
   defining Unicode char U+0177 (decimal 375)
   defining Unicode char U+0178 (decimal 376)
   defining Unicode char U+0179 (decimal 377)
   defining Unicode char U+017A (decimal 378)
   defining Unicode char U+017B (decimal 379)
   defining Unicode char U+017C (decimal 380)
   defining Unicode char U+017D (decimal 381)
   defining Unicode char U+017E (decimal 382)
   defining Unicode char U+01CD (decimal 461)
   defining Unicode char U+01CE (decimal 462)
   defining Unicode char U+01CF (decimal 463)
   defining Unicode char U+01D0 (decimal 464)
   defining Unicode char U+01D1 (decimal 465)
   defining Unicode char U+01D2 (decimal 466)
   defining Unicode char U+01D3 (decimal 467)
   defining Unicode char U+01D4 (decimal 468)
   defining Unicode char U+01E2 (decimal 482)
   defining Unicode char U+01E3 (decimal 483)
   defining Unicode char U+01E6 (decimal 486)
   defining Unicode char U+01E7 (decimal 487)
   defining Unicode char U+01E8 (decimal 488)
   defining Unicode char U+01E9 (decimal 489)
   defining Unicode char U+01EA (decimal 490)
   defining Unicode char U+01EB (decimal 491)
   defining Unicode char U+01F0 (decimal 496)
   defining Unicode char U+01F4 (decimal 500)
   defining Unicode char U+01F5 (decimal 501)
   defining Unicode char U+0218 (decimal 536)
   defining Unicode char U+0219 (decimal 537)
   defining Unicode char U+021A (decimal 538)
   defining Unicode char U+021B (decimal 539)
   defining Unicode char U+1E02 (decimal 7682)
   defining Unicode char U+1E03 (decimal 7683)
   defining Unicode char U+200C (decimal 8204)
   defining Unicode char U+2010 (decimal 8208)
   defining Unicode char U+2011 (decimal 8209)
   defining Unicode char U+2012 (decimal 8210)
   defining Unicode char U+2013 (decimal 8211)
   defining Unicode char U+2014 (decimal 8212)
   defining Unicode char U+2015 (decimal 8213)
   defining Unicode char U+2018 (decimal 8216)
   defining Unicode char U+2019 (decimal 8217)
   defining Unicode char U+201A (decimal 8218)
   defining Unicode char U+201C (decimal 8220)
   defining Unicode char U+201D (decimal 8221)
   defining Unicode char U+201E (decimal 8222)
   defining Unicode char U+2030 (decimal 8240)
   defining Unicode char U+2031 (decimal 8241)
   defining Unicode char U+2039 (decimal 8249)
   defining Unicode char U+203A (decimal 8250)
   defining Unicode char U+2423 (decimal 9251)
)
Now handling font encoding OT1 ...
... processing UTF-8 mapping file for font encoding OT1

(/usr/share/texmf-dist/tex/latex/base/ot1enc.dfu
File: ot1enc.dfu 2016/02/28 v1.1s UTF-8 support for inputenc
   defining Unicode char U+00A0 (decimal 160)
   defining Unicode char U+00A1 (decimal 161)
   defining Unicode char U+00A3 (decimal 163)
   defining Unicode char U+00AD (decimal 173)
   defining Unicode char U+00B8 (decimal 184)
   defining Unicode char U+00BF (decimal 191)
   defining Unicode char U+00C5 (decimal 197)
   defining Unicode char U+00C6 (decimal 198)
   defining Unicode char U+00D8 (decimal 216)
   defining Unicode char U+00DF (decimal 223)
   defining Unicode char U+00E6 (decimal 230)
   defining Unicode char U+00EC (decimal 236)
   defining Unicode char U+00ED (decimal 237)
   defining Unicode char U+00EE (decimal 238)
   defining Unicode char U+00EF (decimal 239)
   defining Unicode char U+00F8 (decimal 248)
   defining Unicode char U+0131 (decimal 305)
   defining Unicode char U+0141 (decimal 321)
   defining Unicode char U+0142 (decimal 322)
   defining Unicode char U+0152 (decimal 338)
   defining Unicode char U+0153 (decimal 339)
   defining Unicode char U+0174 (decimal 372)
   defining Unicode char U+0175 (decimal 373)
   defining Unicode char U+0176 (decimal 374)
   defining Unicode char U+0177 (decimal 375)
   defining Unicode char U+0218 (decimal 536)
   defining Unicode char U+0219 (decimal 537)
   defining Unicode char U+021A (decimal 538)
   defining Unicode char U+021B (decimal 539)
   defining Unicode char U+2013 (decimal 8211)
   defining Unicode char U+2014 (decimal 8212)
   defining Unicode char U+2018 (decimal 8216)
   defining Unicode char U+2019 (decimal 8217)
   defining Unicode char U+201C (decimal 8220)
   defining Unicode char U+201D (decimal 8221)
)
Now handling font encoding OMS ...
... processing UTF-8 mapping file for font encoding OMS

(/usr/share/texmf-dist/tex/latex/base/omsenc.dfu
File: omsenc.dfu 2016/02/28 v1.1s UTF-8 support for inputenc
   defining Unicode char U+00A7 (decimal 167)
   defining Unicode char U+00B6 (decimal 182)
   defining Unicode char U+00B7 (decimal 183)
   defining Unicode char U+2020 (decimal 8224)
   defining Unicode char U+2021 (decimal 8225)
   defining Unicode char U+2022 (decimal 8226)
)
Now handling font encoding OMX ...
... no UTF-8 mapping file for font encoding OMX
Now handling font encoding U ...
... no UTF-8 mapping file for font encoding U
Now handling font encoding TS1 ...
... processing UTF-8 mapping file for font encoding TS1

(/usr/share/texmf-dist/tex/latex/base/ts1enc.dfu
File: ts1enc.dfu 2016/02/28 v1.1s UTF-8 support for inputenc
   defining Unicode char U+00A2 (decimal 162)
   defining Unicode char U+00A3 (decimal 163)
   defining Unicode char U+00A4 (decimal 164)
   defining Unicode char U+00A5 (decimal 165)
   defining Unicode char U+00A6 (decimal 166)
   defining Unicode char U+00A7 (decimal 167)
   defining Unicode char U+00A8 (decimal 168)
   defining Unicode char U+00A9 (decimal 169)
   defining Unicode char U+00AA (decimal 170)
   defining Unicode char U+00AC (decimal 172)
   defining Unicode char U+00AE (decimal 174)
   defining Unicode char U+00AF (decimal 175)
   defining Unicode char U+00B0 (decimal 176)
   defining Unicode char U+00B1 (decimal 177)
   defining Unicode char U+00B2 (decimal 178)
   defining Unicode char U+00B3 (decimal 179)
   defining Unicode char U+00B4 (decimal 180)
   defining Unicode char U+00B5 (decimal 181)
   defining Unicode char U+00B6 (decimal 182)
   defining Unicode char U+00B7 (decimal 183)
   defining Unicode char U+00B9 (decimal 185)
   defining Unicode char U+00BA (decimal 186)
   defining Unicode char U+00BC (decimal 188)
   defining Unicode char U+00BD (decimal 189)
   defining Unicode char U+00BE (decimal 190)
   defining Unicode char U+00D7 (decimal 215)
   defining Unicode char U+00F7 (decimal 247)
   defining Unicode char U+0192 (decimal 402)
   defining Unicode char U+02C7 (decimal 711)
   defining Unicode char U+02D8 (decimal 728)
   defining Unicode char U+02DD (decimal 733)
   defining Unicode char U+0E3F (decimal 3647)
   defining Unicode char U+2016 (decimal 8214)
   defining Unicode char U+2020 (decimal 8224)
   defining Unicode char U+2021 (decimal 8225)
   defining Unicode char U+2022 (decimal 8226)
   defining Unicode char U+2030 (decimal 8240)
   defining Unicode char U+2031 (decimal 8241)
   defining Unicode char U+203B (decimal 8251)
   defining Unicode char U+203D (decimal 8253)
   defining Unicode char U+2044 (decimal 8260)
   defining Unicode char U+204E (decimal 8270)
   defining Unicode char U+2052 (decimal 8274)
   defining Unicode char U+20A1 (decimal 8353)
   defining Unicode char U+20A4 (decimal 8356)
   defining Unicode char U+20A6 (decimal 8358)
   defining Unicode char U+20A9 (decimal 8361)
   defining Unicode char U+20AB (decimal 8363)
   defining Unicode char U+20AC (decimal 8364)
   defining Unicode char U+20B1 (decimal 8369)
   defining Unicode char U+2103 (decimal 8451)
   defining Unicode char U+2116 (decimal 8470)
   defining Unicode char U+2117 (decimal 8471)
   defining Unicode char U+211E (decimal 8478)
   defining Unicode char U+2120 (decimal 8480)
   defining Unicode char U+2122 (decimal 8482)
   defining Unicode char U+2126 (decimal 8486)
   defining Unicode char U+2127 (decimal 8487)
   defining Unicode char U+212E (decimal 8494)
   defining Unicode char U+2190 (decimal 8592)
   defining Unicode char U+2191 (decimal 8593)
   defining Unicode char U+2192 (decimal 8594)
   defining Unicode char U+2193 (decimal 8595)
   defining Unicode char U+2329 (decimal 9001)
   defining Unicode char U+232A (decimal 9002)
   defining Unicode char U+2422 (decimal 9250)
   defining Unicode char U+25E6 (decimal 9702)
   defining Unicode char U+25EF (decimal 9711)
   defining Unicode char U+266A (decimal 9834)
)
   defining Unicode char U+00A9 (decimal 169)
   defining Unicode char U+00AA (decimal 170)
   defining Unicode char U+00AE (decimal 174)
   defining Unicode char U+00BA (decimal 186)
   defining Unicode char U+02C6 (decimal 710)
   defining Unicode char U+02DC (decimal 732)
   defining Unicode char U+200C (decimal 8204)
   defining Unicode char U+2026 (decimal 8230)
   defining Unicode char U+2122 (decimal 8482)
   defining Unicode char U+2423 (decimal 9251)
))
(/usr/share/texmf-dist/tex/latex/base/t1enc.sty
Package: t1enc 1994/06/01 Standard LaTeX package
)
(/usr/share/texmf-dist/tex/latex/amsfonts/amssymb.sty
Package: amssymb 2013/01/14 v3.01 AMS font symbols
)
\c@fig=\count97

(/usr/share/texmf-dist/tex/latex/amsmath/amsmath.sty
Package: amsmath 2016/06/28 v2.15d AMS math features
\@mathmargin=\skip43

For additional information on amsmath, use the `?' option.
(/usr/share/texmf-dist/tex/latex/amsmath/amstext.sty
Package: amstext 2000/06/29 v2.01 AMS text

(/usr/share/texmf-dist/tex/latex/amsmath/amsgen.sty
File: amsgen.sty 1999/11/30 v2.0 generic functions
\@emptytoks=\toks21
\ex@=\dimen128
))
(/usr/share/texmf-dist/tex/latex/amsmath/amsbsy.sty
Package: amsbsy 1999/11/29 v1.2d Bold Symbols
\pmbraise@=\dimen129
)
(/usr/share/texmf-dist/tex/latex/amsmath/amsopn.sty
Package: amsopn 2016/03/08 v2.02 operator names
)
\inf@bad=\count98
LaTeX Info: Redefining \frac on input line 199.
\uproot@=\count99
\leftroot@=\count100
LaTeX Info: Redefining \overline on input line 297.
\classnum@=\count101
\DOTSCASE@=\count102
LaTeX Info: Redefining \ldots on input line 394.
LaTeX Info: Redefining \dots on input line 397.
LaTeX Info: Redefining \cdots on input line 518.
\Mathstrutbox@=\box28
\strutbox@=\box29
\big@size=\dimen130
LaTeX Font Info:    Redeclaring font encoding OML on input line 634.
LaTeX Font Info:    Redeclaring font encoding OMS on input line 635.
\macc@depth=\count103
\c@MaxMatrixCols=\count104
\dotsspace@=\muskip10
\c@parentequation=\count105
\dspbrk@lvl=\count106
\tag@help=\toks22
\row@=\count107
\column@=\count108
\maxfields@=\count109
\andhelp@=\toks23
\eqnshift@=\dimen131
\alignsep@=\dimen132
\tagshift@=\dimen133
\tagwidth@=\dimen134
\totwidth@=\dimen135
\lineht@=\dimen136
\@envbody=\toks24
\multlinegap=\skip44
\multlinetaggap=\skip45
\mathdisplay@stack=\toks25
LaTeX Info: Redefining \[ on input line 2739.
LaTeX Info: Redefining \] on input line 2740.
)
(/usr/share/texmf-dist/tex/latex/tools/bm.sty
Package: bm 2016/07/07 v1.2b Bold Symbol Support (DPC/FMi)
\symboldoperators=\mathgroup7
\symboldletters=\mathgroup8
\symboldsymbols=\mathgroup9
LaTeX Font Info:    Redeclaring math alphabet \mathbf on input line 142.
LaTeX Info: Redefining \bm on input line 208.
)
(/usr/share/texmf-dist/tex/latex/subfig/subfig.sty
Package: subfig 2005/06/28 ver: 1.3 subfig package

(/usr/share/texmf-dist/tex/latex/caption/caption3.sty
Package: caption3 2016/05/22 v1.7-166 caption3 kernel (AR)
Package caption3 Info: TeX engine: e-TeX on input line 67.
\captionmargin=\dimen137
\captionmargin@=\dimen138
\captionwidth=\dimen139
\caption@tempdima=\dimen140
\caption@indent=\dimen141
\caption@parindent=\dimen142
\caption@hangindent=\dimen143
)
\c@KVtest=\count110
\sf@farskip=\skip46
\sf@captopadj=\dimen144
\sf@capskip=\skip47
\sf@nearskip=\skip48
\c@subfigure=\count111
\c@subfigure@save=\count112
\c@lofdepth=\count113
\c@subtable=\count114
\c@subtable@save=\count115
\c@lotdepth=\count116
\sf@top=\skip49
\sf@bottom=\skip50
)
(/usr/share/texmf-dist/tex/latex/graphics/color.sty
Package: color 2016/07/10 v1.1e Standard LaTeX Color (DPC)

(/usr/share/texmf-dist/tex/latex/graphics-cfg/color.cfg
File: color.cfg 2016/01/02 v1.6 sample color configuration
)
Package color Info: Driver file: pdftex.def on input line 147.
)
(/usr/share/texmf-dist/tex/latex/etoolbox/etoolbox.sty
Package: etoolbox 2015/08/02 v2.2a e-TeX tools for LaTeX (JAW)
\etb@tempcnta=\count117
)
\chapheadtopskip=\skip51
\chapheadsep=\skip52
\chapheadbelowskip=\skip53
)
(/usr/share/texmf-dist/tex/latex/amscls/amsthm.sty
Package: amsthm 2015/03/04 v2.20.2
\thm@style=\toks26
\thm@bodyfont=\toks27
\thm@headfont=\toks28
\thm@notefont=\toks29
\thm@headpunct=\toks30
\thm@preskip=\skip54
\thm@postskip=\skip55
\thm@headsep=\skip56
\dth@everypar=\toks31
)
(/usr/share/texmf-dist/tex/latex/base/latexsym.sty
Package: latexsym 1998/08/17 v2.2e Standard LaTeX package (lasy symbols)
\symlasy=\mathgroup10
LaTeX Font Info:    Overwriting symbol font `lasy' in version `bold'
(Font)                  U/lasy/m/n --> U/lasy/b/n on input line 52.
)
(/usr/share/texmf-dist/tex/latex/appendix/appendix.sty
Package: appendix 2009/09/02 v1.2b extra appendix facilities
\c@@pps=\count118
\c@@ppsavesec=\count119
\c@@ppsaveapp=\count120
)
(/usr/share/texmf-dist/tex/latex/tools/tabularx.sty
Package: tabularx 2016/02/03 v2.11 `tabularx' package (DPC)

(/usr/share/texmf-dist/tex/latex/tools/array.sty
Package: array 2014/10/28 v2.4c Tabular extension package (FMi)
\col@sep=\dimen145
\extrarowheight=\dimen146
\NC@list=\toks32
\extratabsurround=\skip57
\backup@length=\skip58
)
\TX@col@width=\dimen147
\TX@old@table=\dimen148
\TX@old@col=\dimen149
\TX@target=\dimen150
\TX@delta=\dimen151
\TX@cols=\count121
\TX@ftn=\toks33
) (./ltablex.sty
Package: ltablex 2014/08/13 v1.1 Modified tabularx

(/usr/share/texmf-dist/tex/latex/tools/longtable.sty
Package: longtable 2014/10/28 v4.11 Multi-page Table package (DPC)
\LTleft=\skip59
\LTright=\skip60
\LTpre=\skip61
\LTpost=\skip62
\LTchunksize=\count122
\LTcapwidth=\dimen152
\LT@head=\box30
\LT@firsthead=\box31
\LT@foot=\box32
\LT@lastfoot=\box33
\LT@cols=\count123
\LT@rows=\count124
\c@LT@tables=\count125
\c@LT@chunks=\count126
\LT@p@ftn=\toks34
))
(/usr/share/texmf-dist/tex/latex/cite/cite.sty
LaTeX Info: Redefining \cite on input line 302.
LaTeX Info: Redefining \nocite on input line 332.
Package: cite 2015/02/27  v 5.5
)
(/usr/share/texmf-dist/tex/latex/cases/cases.sty
Package: cases 2002/05/02 ver 2.5 
)
(/usr/share/texmf-dist/tex/latex/tools/afterpage.sty
Package: afterpage 2014/10/28 v1.08 After-Page Package (DPC)
\AP@output=\toks35
\AP@partial=\box34
\AP@footins=\box35
)
\c@thm=\count127

(/usr/share/texmf-dist/tex/latex/base/fontenc.sty
Package: fontenc 2016/06/19 v1.99m Standard LaTeX package

(/usr/share/texmf-dist/tex/latex/base/t1enc.def
File: t1enc.def 2016/06/19 v1.99m Standard LaTeX file
LaTeX Font Info:    Redeclaring font encoding T1 on input line 48.
))
(/usr/share/texmf-dist/tex/latex/caption/caption.sty
Package: caption 2016/02/21 v3.3-144 Customizing captions (AR)
\c@ContinuedFloat=\count128
Package caption Info: float package is loaded.
Package caption Info: longtable package is loaded.

(/usr/share/texmf-dist/tex/latex/caption/ltcaption.sty
Package: ltcaption 2013/06/09 v1.4-94 longtable captions (AR)
))
(/usr/share/texmf-dist/tex/latex/footmisc/footmisc.sty
Package: footmisc 2011/06/06 v5.5b a miscellany of footnote facilities
\FN@temptoken=\toks36
\footnotemargin=\dimen153
\c@pp@next@reset=\count129
\c@@fnserial=\count130
Package footmisc Info: Declaring symbol style bringhurst on input line 855.
Package footmisc Info: Declaring symbol style chicago on input line 863.
Package footmisc Info: Declaring symbol style wiley on input line 872.
Package footmisc Info: Declaring symbol style lamport-robust on input line 883.

Package footmisc Info: Declaring symbol style lamport* on input line 903.
Package footmisc Info: Declaring symbol style lamport*-robust on input line 924
.
)
(/usr/share/texmf-dist/tex/latex/paralist/paralist.sty
Package: paralist 2015/12/30 v2.5 Extended list environments
\pltopsep=\skip63
\plpartopsep=\skip64
\plitemsep=\skip65
\plparsep=\skip66
\pl@lab=\toks37
)
(/usr/share/texmf-dist/tex/latex/epigraph/epigraph.sty
Package: epigraph 2009/09/02 v1.5c typesetting epigraphs
\beforeepigraphskip=\skip67
\afterepigraphskip=\skip68
\epigraphwidth=\skip69
\epigraphrule=\skip70
)
(/usr/share/texmf-dist/tex/latex/url/url.sty
\Urlmuskip=\muskip11
Package: url 2013/09/16  ver 3.4  Verb mode for urls, etc.
)
(/usr/share/texmf-dist/tex/latex/hyperref/hyperref.sty
Package: hyperref 2016/06/24 v6.83q Hypertext links for LaTeX

(/usr/share/texmf-dist/tex/generic/oberdiek/hobsub-hyperref.sty
Package: hobsub-hyperref 2016/05/16 v1.14 Bundle oberdiek, subset hyperref (HO)


(/usr/share/texmf-dist/tex/generic/oberdiek/hobsub-generic.sty
Package: hobsub-generic 2016/05/16 v1.14 Bundle oberdiek, subset generic (HO)
Package: hobsub 2016/05/16 v1.14 Construct package bundles (HO)
Package hobsub Info: Skipping package `infwarerr' (already loaded).
Package hobsub Info: Skipping package `ltxcmds' (already loaded).
Package: ifluatex 2016/05/16 v1.4 Provides the ifluatex switch (HO)
Package ifluatex Info: LuaTeX not detected.
Package hobsub Info: Skipping package `ifvtex' (already loaded).
Package: intcalc 2016/05/16 v1.2 Expandable calculations with integers (HO)
Package hobsub Info: Skipping package `ifpdf' (already loaded).
Package: etexcmds 2016/05/16 v1.6 Avoid name clashes with e-TeX commands (HO)
Package etexcmds Info: Could not find \expanded.
(etexcmds)             That can mean that you are not using pdfTeX 1.50 or
(etexcmds)             that some package has redefined \expanded.
(etexcmds)             In the latter case, load this package earlier.
Package: kvsetkeys 2016/05/16 v1.17 Key value parser (HO)
Package: kvdefinekeys 2016/05/16 v1.4 Define keys (HO)
Package: pdftexcmds 2016/05/21 v0.22 Utility functions of pdfTeX for LuaTeX (HO
)
Package pdftexcmds Info: LuaTeX not detected.
Package pdftexcmds Info: \pdf@primitive is available.
Package pdftexcmds Info: \pdf@ifprimitive is available.
Package pdftexcmds Info: \pdfdraftmode found.
Package: pdfescape 2016/05/16 v1.14 Implements pdfTeX's escape features (HO)
Package: bigintcalc 2016/05/16 v1.4 Expandable calculations on big integers (HO
)
Package: bitset 2016/05/16 v1.2 Handle bit-vector datatype (HO)
Package: uniquecounter 2016/05/16 v1.3 Provide unlimited unique counter (HO)
)
Package hobsub Info: Skipping package `hobsub' (already loaded).
Package: letltxmacro 2016/05/16 v1.5 Let assignment for LaTeX macros (HO)
Package: hopatch 2016/05/16 v1.3 Wrapper for package hooks (HO)
Package: xcolor-patch 2016/05/16 xcolor patch
Package: atveryend 2016/05/16 v1.9 Hooks at the very end of document (HO)
Package: atbegshi 2016/06/09 v1.18 At begin shipout hook (HO)
Package: refcount 2016/05/16 v3.5 Data extraction from label references (HO)
Package: hycolor 2016/05/16 v1.8 Color options for hyperref/bookmark (HO)
)
(/usr/share/texmf-dist/tex/latex/oberdiek/auxhook.sty
Package: auxhook 2016/05/16 v1.4 Hooks for auxiliary files (HO)
)
(/usr/share/texmf-dist/tex/latex/oberdiek/kvoptions.sty
Package: kvoptions 2016/05/16 v3.12 Key value format for package options (HO)
)
\@linkdim=\dimen154
\Hy@linkcounter=\count131
\Hy@pagecounter=\count132

(/usr/share/texmf-dist/tex/latex/hyperref/pd1enc.def
File: pd1enc.def 2016/06/24 v6.83q Hyperref: PDFDocEncoding definition (HO)
Now handling font encoding PD1 ...
... no UTF-8 mapping file for font encoding PD1
)
\Hy@SavedSpaceFactor=\count133

(/usr/share/texmf-dist/tex/latex/latexconfig/hyperref.cfg
File: hyperref.cfg 2002/06/06 v1.2 hyperref configuration of TeXLive
)
Package hyperref Info: Option `unicode' set `true' on input line 4362.

(/usr/share/texmf-dist/tex/latex/hyperref/puenc.def
File: puenc.def 2016/06/24 v6.83q Hyperref: PDF Unicode definition (HO)
Now handling font encoding PU ...
... no UTF-8 mapping file for font encoding PU
)
Package hyperref Info: Option `hypertexnames' set `false' on input line 4362.
Package hyperref Info: Hyper figures OFF on input line 4486.
Package hyperref Info: Link nesting OFF on input line 4491.
Package hyperref Info: Hyper index ON on input line 4494.
Package hyperref Info: Plain pages OFF on input line 4501.
Package hyperref Info: Backreferencing ON on input line 4504.
Package hyperref Info: Implicit mode ON; LaTeX internals redefined.
Package hyperref Info: Bookmarks ON on input line 4735.

(/usr/share/texmf-dist/tex/latex/hyperref/backref.sty
Package: backref 2016/05/21 v1.39 Bibliographical back referencing

(/usr/share/texmf-dist/tex/latex/oberdiek/rerunfilecheck.sty
Package: rerunfilecheck 2016/05/16 v1.8 Rerun checks for auxiliary files (HO)
Package uniquecounter Info: New unique counter `rerunfilecheck' on input line 2
82.
))
\c@Hy@tempcnt=\count134
LaTeX Info: Redefining \url on input line 5088.
\XeTeXLinkMargin=\dimen155
\Fld@menulength=\count135
\Field@Width=\dimen156
\Fld@charsize=\dimen157
Package hyperref Info: Hyper figures OFF on input line 6342.
Package hyperref Info: Link nesting OFF on input line 6347.
Package hyperref Info: Hyper index ON on input line 6350.
Package hyperref Info: backreferencing ON on input line 6355.
Package hyperref Info: Link coloring OFF on input line 6362.
Package hyperref Info: Link coloring with OCG OFF on input line 6367.
Package hyperref Info: PDF/A mode OFF on input line 6372.
LaTeX Info: Redefining \ref on input line 6412.
LaTeX Info: Redefining \pageref on input line 6416.
\Hy@abspage=\count136
\c@Item=\count137
\c@Hfootnote=\count138
)

Package hyperref Message: Driver (autodetected): hpdftex.

(/usr/share/texmf-dist/tex/latex/hyperref/hpdftex.def
File: hpdftex.def 2016/06/24 v6.83q Hyperref driver for pdfTeX
\Fld@listcount=\count139
\c@bookmark@seq@number=\count140
\Hy@SectionHShift=\skip71
)
Package hyperref Info: Option `unicode' set `true' on input line 89.
Package hyperref Info: Option `colorlinks' set `false' on input line 89.


Package hyperref Warning: Option `bookmarks' has already been used,
(hyperref)                setting the option has no effect on input line 89.

(./thesis.aux (./acks.aux) (./abs.aux) (./intro.aux) (./spheroidalProlate.aux)
(./BCs.aux) (./procaAppendix.aux) (./numericalData.aux) (./pub-list.aux))
\openout1 = `thesis.aux'.

LaTeX Font Info:    Checking defaults for OML/cmm/m/it on input line 126.
LaTeX Font Info:    ... okay on input line 126.
LaTeX Font Info:    Checking defaults for T1/cmr/m/n on input line 126.
LaTeX Font Info:    ... okay on input line 126.
LaTeX Font Info:    Checking defaults for OT1/cmr/m/n on input line 126.
LaTeX Font Info:    ... okay on input line 126.
LaTeX Font Info:    Checking defaults for OMS/cmsy/m/n on input line 126.
LaTeX Font Info:    ... okay on input line 126.
LaTeX Font Info:    Checking defaults for OMX/cmex/m/n on input line 126.
LaTeX Font Info:    ... okay on input line 126.
LaTeX Font Info:    Checking defaults for U/cmr/m/n on input line 126.
LaTeX Font Info:    ... okay on input line 126.
LaTeX Font Info:    Checking defaults for TS1/cmr/m/n on input line 126.
LaTeX Font Info:    Try loading font information for TS1+cmr on input line 126.


(/usr/share/texmf-dist/tex/latex/base/ts1cmr.fd
File: ts1cmr.fd 2014/09/29 v2.5h Standard LaTeX font definitions
)
LaTeX Font Info:    ... okay on input line 126.
LaTeX Font Info:    Checking defaults for PD1/pdf/m/n on input line 126.
LaTeX Font Info:    ... okay on input line 126.
LaTeX Font Info:    Checking defaults for PU/pdf/m/n on input line 126.
LaTeX Font Info:    ... okay on input line 126.

*geometry* driver: auto-detecting
*geometry* detected driver: pdftex
*geometry* verbose mode - [ preamble ] result:
* driver: pdftex
* paper: a4paper
* layout: <same size as paper>
* layoutoffset:(h,v)=(0.0pt,0.0pt)
* vratio: 1:1
* modes: twoside 
* h-part:(L,W,R)=(62.59604pt, 441.01772pt, 93.89412pt)
* v-part:(T,H,B)=(102.42992pt, 640.187pt, 102.42993pt)
* \paperwidth=597.50787pt
* \paperheight=845.04684pt
* \textwidth=469.47046pt
* \textheight=625.96062pt
* \oddsidemargin=14.22636pt
* \evensidemargin=14.22636pt
* \topmargin=-28.45274pt
* \headheight=12.0pt
* \headsep=19.8738pt
* \topskip=11.0pt
* \footskip=27.46295pt
* \marginparwidth=106.0pt
* \marginparsep=7.0pt
* \columnsep=10.0pt
* \skip\footins=10.0pt plus 4.0pt minus 2.0pt
* \hoffset=-14.22636pt
* \voffset=0.0pt
* \mag=1000
* \@twocolumnfalse
* \@twosidetrue
* \@mparswitchtrue
* \@reversemarginfalse
* (1in=72.27pt=25.4mm, 1cm=28.453pt)

(/usr/share/texmf-dist/tex/context/base/mkii/supp-pdf.mkii
[Loading MPS to PDF converter (version 2006.09.02).]
\scratchcounter=\count141
\scratchdimen=\dimen158
\scratchbox=\box36
\nofMPsegments=\count142
\nofMParguments=\count143
\everyMPshowfont=\toks38
\MPscratchCnt=\count144
\MPscratchDim=\dimen159
\MPnumerator=\count145
\makeMPintoPDFobject=\count146
\everyMPtoPDFconversion=\toks39
) (/usr/share/texmf-dist/tex/latex/oberdiek/epstopdf-base.sty
Package: epstopdf-base 2016/05/15 v2.6 Base part for package epstopdf

(/usr/share/texmf-dist/tex/latex/oberdiek/grfext.sty
Package: grfext 2016/05/16 v1.2 Manage graphics extensions (HO)
)
Package epstopdf-base Info: Redefining graphics rule for `.eps' on input line 4
38.
Package grfext Info: Graphics extension search list:
(grfext)             [.png,.pdf,.jpg,.mps,.jpeg,.jbig2,.jb2,.PNG,.PDF,.JPG,.JPE
G,.JBIG2,.JB2,.eps]
(grfext)             \AppendGraphicsExtensions on input line 456.

(/usr/share/texmf-dist/tex/latex/latexconfig/epstopdf-sys.cfg
File: epstopdf-sys.cfg 2010/07/13 v1.3 Configuration of (r)epstopdf for TeX Liv
e
))
Package caption Info: Begin \AtBeginDocument code.
Package caption Info: subfig package v1.3 is loaded.
Package caption Info: hyperref package is loaded.
Package caption Info: End \AtBeginDocument code.
\AtBeginShipoutBox=\box37
Package hyperref Info: Link coloring OFF on input line 126.

(/usr/share/texmf-dist/tex/latex/hyperref/nameref.sty
Package: nameref 2016/05/21 v2.44 Cross-referencing by name of section

(/usr/share/texmf-dist/tex/generic/oberdiek/gettitlestring.sty
Package: gettitlestring 2016/05/16 v1.5 Cleanup title references (HO)
)
\c@section@level=\count147
)
LaTeX Info: Redefining \ref on input line 126.
LaTeX Info: Redefining \pageref on input line 126.
LaTeX Info: Redefining \nameref on input line 126.
 (./thesis.out) (./thesis.out)
\@outlinefile=\write3
\openout3 = `thesis.out'.

*geometry* verbose mode - [ newgeometry ] result:
* driver: pdftex
* paper: a4paper
* layout: <same size as paper>
* layoutoffset:(h,v)=(0.0pt,0.0pt)
* modes: twoside 
* h-part:(L,W,R)=(56.9055pt, 483.69687pt, 56.9055pt)
* v-part:(T,H,B)=(22.76228pt, 779.60544pt, 42.67912pt)
* \paperwidth=597.50787pt
* \paperheight=845.04684pt
* \textwidth=483.69687pt
* \textheight=779.60544pt
* \oddsidemargin=-15.36449pt
* \evensidemargin=-15.36449pt
* \topmargin=-81.3815pt
* \headheight=12.0pt
* \headsep=19.8738pt
* \topskip=11.0pt
* \footskip=27.46295pt
* \marginparwidth=106.0pt
* \marginparsep=7.0pt
* \columnsep=10.0pt
* \skip\footins=10.0pt plus 4.0pt minus 2.0pt
* \hoffset=-14.22636pt
* \voffset=0.0pt
* \mag=1000
* \@twocolumnfalse
* \@twosidetrue
* \@mparswitchtrue
* \@reversemarginfalse
* (1in=72.27pt=25.4mm, 1cm=28.453pt)

LaTeX Font Info:    Try loading font information for U+rsfs on input line 130.
 (/usr/share/texmf-dist/tex/latex/jknapltx/ursfs.fd
File: ursfs.fd 1998/03/24 rsfs font definition file (jk)
)
LaTeX Font Info:    Try loading font information for U+msa on input line 130.

(/usr/share/texmf-dist/tex/latex/amsfonts/umsa.fd
File: umsa.fd 2013/01/14 v3.01 AMS symbols A
)
LaTeX Font Info:    Try loading font information for U+msb on input line 130.

(/usr/share/texmf-dist/tex/latex/amsfonts/umsb.fd
File: umsb.fd 2013/01/14 v3.01 AMS symbols B
)
LaTeX Font Info:    Try loading font information for U+lasy on input line 130.

(/usr/share/texmf-dist/tex/latex/base/ulasy.fd
File: ulasy.fd 1998/08/17 v2.2e LaTeX symbol font definitions
)
<Figs/uaLogoNew_colour.jpg, id=217, 304.53082pt x 325.96262pt>
File: Figs/uaLogoNew_colour.jpg Graphic file (type jpg)

<use Figs/uaLogoNew_colour.jpg>
Package pdftex.def Info: Figs/uaLogoNew_colour.jpg used on input line 130.
(pdftex.def)             Requested size: 23.92151pt x 25.60747pt.
LaTeX Font Info:    Try loading font information for T1+cmss on input line 130.

 (/usr/share/texmf-dist/tex/latex/base/t1cmss.fd
File: t1cmss.fd 2014/09/29 v2.5h Standard LaTeX font definitions
)
Underfull \hbox (badness 10000) in paragraph at lines 130--130
[]$[]$ $[]$ $[]$
 []


Underfull \hbox (badness 10000) in paragraph at lines 130--130
[]$[]$ $[]$
 []

[1


{/var/lib/texmf/fonts/map/pdftex/updmap/pdftex.map} <./Figs/uaLogoNew_colour.jp
g>] [2



]
*geometry* verbose mode - [ newgeometry ] result:
* driver: pdftex
* paper: a4paper
* layout: <same size as paper>
* layoutoffset:(h,v)=(0.0pt,0.0pt)
* modes: twoside 
* h-part:(L,W,R)=(56.9055pt, 483.69687pt, 56.9055pt)
* v-part:(T,H,B)=(22.76228pt, 799.52228pt, 22.76228pt)
* \paperwidth=597.50787pt
* \paperheight=845.04684pt
* \textwidth=483.69687pt
* \textheight=799.52228pt
* \oddsidemargin=-15.36449pt
* \evensidemargin=-15.36449pt
* \topmargin=-81.3815pt
* \headheight=12.0pt
* \headsep=19.8738pt
* \topskip=11.0pt
* \footskip=27.46295pt
* \marginparwidth=106.0pt
* \marginparsep=7.0pt
* \columnsep=10.0pt
* \skip\footins=10.0pt plus 4.0pt minus 2.0pt
* \hoffset=-14.22636pt
* \voffset=0.0pt
* \mag=1000
* \@twocolumnfalse
* \@twosidetrue
* \@mparswitchtrue
* \@reversemarginfalse
* (1in=72.27pt=25.4mm, 1cm=28.453pt)

File: Figs/uaLogoNew_colour.jpg Graphic file (type jpg)
 <use Figs/uaLogoNew_colour.jpg>
Package pdftex.def Info: Figs/uaLogoNew_colour.jpg used on input line 132.
(pdftex.def)             Requested size: 23.92151pt x 25.60747pt.

Underfull \hbox (badness 10000) in paragraph at lines 132--132
[]$[]$ $[]$ $[]$
 []


Underfull \hbox (badness 10000) in paragraph at lines 132--132
[]$[]$ $[]$
 []

File: Figs/uaLogoNew_colour.jpg Graphic file (type jpg)
<use Figs/uaLogoNew_colour.jpg>
Package pdftex.def Info: Figs/uaLogoNew_colour.jpg used on input line 132.
(pdftex.def)             Requested size: 120.92421pt x 129.43274pt.

<Figs/Logo2_POPH.jpg, id=230, 211.7511pt x 110.0913pt>
File: Figs/Logo2_POPH.jpg Graphic file (type jpg)

<use Figs/Logo2_POPH.jpg>
Package pdftex.def Info: Figs/Logo2_POPH.jpg used on input line 132.
(pdftex.def)             Requested size: 54.72441pt x 28.45274pt.

<Figs/QREN_Logotipo.jpg, id=231, 441.65pt x 188.705pt>
File: Figs/QREN_Logotipo.jpg Graphic file (type jpg)

<use Figs/QREN_Logotipo.jpg>
Package pdftex.def Info: Figs/QREN_Logotipo.jpg used on input line 132.
(pdftex.def)             Requested size: 66.58832pt x 28.45274pt.

<Figs/Uniao_Europeia_FSE.png, id=232, 126.4725pt x 104.39pt>
File: Figs/Uniao_Europeia_FSE.png Graphic file (type png)

<use Figs/Uniao_Europeia_FSE.png>
Package pdftex.def Info: Figs/Uniao_Europeia_FSE.png used on input line 132.
(pdftex.def)             Requested size: 34.4703pt x 28.45274pt.
 [3

 <./Figs/Logo2_POPH.jpg> <./Figs/QREN_Logotipo.jpg> <./Figs/Uniao_Europeia_FSE.
png>] [4



]
*geometry* verbose mode - [ newgeometry ] result:
* driver: pdftex
* paper: a4paper
* layout: <same size as paper>
* layoutoffset:(h,v)=(0.0pt,0.0pt)
* modes: twoside 
* h-part:(L,W,R)=(56.9055pt, 483.69687pt, 56.9055pt)
* v-part:(T,H,B)=(22.76228pt, 779.60544pt, 42.67912pt)
* \paperwidth=597.50787pt
* \paperheight=845.04684pt
* \textwidth=483.69687pt
* \textheight=779.60544pt
* \oddsidemargin=-15.36449pt
* \evensidemargin=-15.36449pt
* \topmargin=-81.3815pt
* \headheight=12.0pt
* \headsep=19.8738pt
* \topskip=11.0pt
* \footskip=27.46295pt
* \marginparwidth=106.0pt
* \marginparsep=7.0pt
* \columnsep=10.0pt
* \skip\footins=10.0pt plus 4.0pt minus 2.0pt
* \hoffset=-14.22636pt
* \voffset=0.0pt
* \mag=1000
* \@twocolumnfalse
* \@twosidetrue
* \@mparswitchtrue
* \@reversemarginfalse
* (1in=72.27pt=25.4mm, 1cm=28.453pt)

 [5

] [6



]
*geometry* verbose mode - [ newgeometry ] result:
* driver: pdftex
* paper: a4paper
* layout: <same size as paper>
* layoutoffset:(h,v)=(0.0pt,0.0pt)
* modes: twoside 
* h-part:(L,W,R)=(56.9055pt, 483.69687pt, 56.9055pt)
* v-part:(T,H,B)=(22.76228pt, 779.60544pt, 42.67912pt)
* \paperwidth=597.50787pt
* \paperheight=845.04684pt
* \textwidth=483.69687pt
* \textheight=779.60544pt
* \oddsidemargin=-15.36449pt
* \evensidemargin=-15.36449pt
* \topmargin=-81.3815pt
* \headheight=12.0pt
* \headsep=19.8738pt
* \topskip=11.0pt
* \footskip=27.46295pt
* \marginparwidth=106.0pt
* \marginparsep=7.0pt
* \columnsep=10.0pt
* \skip\footins=10.0pt plus 4.0pt minus 2.0pt
* \hoffset=-14.22636pt
* \voffset=0.0pt
* \mag=1000
* \@twocolumnfalse
* \@twosidetrue
* \@mparswitchtrue
* \@reversemarginfalse
* (1in=72.27pt=25.4mm, 1cm=28.453pt)

 [7

] [8



]
\openout2 = `acks.aux'.

 (./acks.tex)
[9



] [10



]
\openout2 = `abs.aux'.

 (./abs.tex) [11

] [12



] (./thesis.toc
Underfull \vbox (badness 2644) has occurred while \output is active []

 [13


]
[14])
\tf@toc=\write4
\openout4 = `thesis.toc'.

 [15] [16


] (./thesis.lof
Underfull \vbox (badness 10000) has occurred while \output is active []

 [17


]
Underfull \vbox (badness 10000) has occurred while \output is active []

 [18]
Underfull \vbox (badness 10000) has occurred while \output is active []

 [19]
Underfull \vbox (badness 10000) has occurred while \output is active []

 [20]
Underfull \vbox (badness 10000) has occurred while \output is active []

 [21])
\tf@lof=\write5
\openout5 = `thesis.lof'.


[22]
\openout2 = `intro.aux'.

 (./intro.tex [23



] [24


]
Chapter 1.

Underfull \vbox (badness 10000) has occurred while \output is active []

 [25]
Underfull \vbox (badness 10000) has occurred while \output is active []

 [26]
[27]
Underfull \vbox (badness 10000) has occurred while \output is active []

 [28]
Underfull \vbox (badness 10000) has occurred while \output is active []

 [29]
Underfull \vbox (badness 4403) has occurred while \output is active []

 [30]
[31] [32] <Figs/unstable-OmegaH-M-clouds.pdf, id=669, 361.35pt x 252.945pt>
File: Figs/unstable-OmegaH-M-clouds.pdf Graphic file (type pdf)

<use Figs/unstable-OmegaH-M-clouds.pdf>
Package pdftex.def Info: Figs/unstable-OmegaH-M-clouds.pdf used on input line 2
25.
(pdftex.def)             Requested size: 287.01825pt x 200.9105pt.

Underfull \vbox (badness 10000) has occurred while \output is active []

 [33]
[34 <./Figs/unstable-OmegaH-M-clouds.pdf>]
<Figs/BH-w-M.pdf, id=714, 361.35pt x 252.945pt>
File: Figs/BH-w-M.pdf Graphic file (type pdf)
 <use Figs/BH-w-M.pdf>
Package pdftex.def Info: Figs/BH-w-M.pdf used on input line 267.
(pdftex.def)             Requested size: 287.01825pt x 200.9105pt.

Underfull \vbox (badness 10000) has occurred while \output is active []

 [35]
Underfull \vbox (badness 10000) has occurred while \output is active []

 [36 <./Figs/BH-w-M.pdf>]) [37] (./papers/QClouds/Q_clouds.tex [38



]
Chapter 2.

Package hyperref Warning: Token not allowed in a PDF string (Unicode):
(hyperref)                removing `math shift' on input line 1.


Package hyperref Warning: Token not allowed in a PDF string (Unicode):
(hyperref)                removing `math shift' on input line 1.

[39] [40] [41] [42]

Package hyperref Warning: Token not allowed in a PDF string (Unicode):
(hyperref)                removing `math shift' on input line 238.


Package hyperref Warning: Token not allowed in a PDF string (Unicode):
(hyperref)                removing `math shift' on input line 238.

[43] <papers/QClouds/Mw.jpeg, id=863, 361.35pt x 252.945pt>
File: papers/QClouds/Mw.jpeg Graphic file (type jpg)

<use papers/QClouds/Mw.jpeg>
Package pdftex.def Info: papers/QClouds/Mw.jpeg used on input line 317.
(pdftex.def)             Requested size: 289.0859pt x 202.35622pt.
 [44 <./papers/QClouds/Mw.jpeg>]

Package hyperref Warning: Token not allowed in a PDF string (Unicode):
(hyperref)                removing `math shift' on input line 326.


Package hyperref Warning: Token not allowed in a PDF string (Unicode):
(hyperref)                removing `math shift' on input line 326.

[45] <papers/QClouds/Z-3d.jpeg, id=884, 361.35pt x 252.945pt>
File: papers/QClouds/Z-3d.jpeg Graphic file (type jpg)

<use papers/QClouds/Z-3d.jpeg>
Package pdftex.def Info: papers/QClouds/Z-3d.jpeg used on input line 397.
(pdftex.def)             Requested size: 227.13893pt x 158.99377pt.

<papers/QClouds/E-3d.jpeg, id=885, 361.35pt x 252.945pt>
File: papers/QClouds/E-3d.jpeg Graphic file (type jpg)

<use papers/QClouds/E-3d.jpeg>
Package pdftex.def Info: papers/QClouds/E-3d.jpeg used on input line 398.
(pdftex.def)             Requested size: 227.13893pt x 158.99377pt.

<papers/QClouds/EMw-3D.jpeg, id=887, 361.35pt x 252.945pt>
File: papers/QClouds/EMw-3D.jpeg Graphic file (type jpg)

<use papers/QClouds/EMw-3D.jpeg>
Package pdftex.def Info: papers/QClouds/EMw-3D.jpeg used on input line 413.
(pdftex.def)             Requested size: 221.97253pt x 155.38005pt.

<papers/QClouds/EMw-2D.jpeg, id=888, 361.35pt x 252.945pt>
File: papers/QClouds/EMw-2D.jpeg Graphic file (type jpg)

<use papers/QClouds/EMw-2D.jpeg>
Package pdftex.def Info: papers/QClouds/EMw-2D.jpeg used on input line 414.
(pdftex.def)             Requested size: 221.97253pt x 155.38005pt.

<papers/QClouds/EMJ-3D.jpeg, id=889, 361.35pt x 252.945pt>
File: papers/QClouds/EMJ-3D.jpeg Graphic file (type jpg)

<use papers/QClouds/EMJ-3D.jpeg>
Package pdftex.def Info: papers/QClouds/EMJ-3D.jpeg used on input line 415.
(pdftex.def)             Requested size: 221.97253pt x 155.38005pt.

<papers/QClouds/EMJ-2D.jpeg, id=890, 361.35pt x 252.945pt>
File: papers/QClouds/EMJ-2D.jpeg Graphic file (type jpg)

<use papers/QClouds/EMJ-2D.jpeg>
Package pdftex.def Info: papers/QClouds/EMJ-2D.jpeg used on input line 416.
(pdftex.def)             Requested size: 221.97253pt x 155.38005pt.

<papers/QClouds/EAHw-3D.jpeg, id=891, 361.35pt x 252.945pt>
File: papers/QClouds/EAHw-3D.jpeg Graphic file (type jpg)

<use papers/QClouds/EAHw-3D.jpeg>
Package pdftex.def Info: papers/QClouds/EAHw-3D.jpeg used on input line 417.
(pdftex.def)             Requested size: 221.97253pt x 155.38005pt.

<papers/QClouds/EAHw-2D.jpeg, id=892, 361.35pt x 252.945pt>
File: papers/QClouds/EAHw-2D.jpeg Graphic file (type jpg)

<use papers/QClouds/EAHw-2D.jpeg>
Package pdftex.def Info: papers/QClouds/EAHw-2D.jpeg used on input line 418.
(pdftex.def)             Requested size: 221.97253pt x 155.38005pt.
 [46 <./papers/QClouds/Z-3d.jpeg> <./papers/QClouds/E-3d.jpeg>] [47 <./papers/Q
Clouds/EMw-3D.jpeg> <./papers/QClouds/EMw-2D.jpeg> <./papers/QClouds/EMJ-3D.jpe
g> <./papers/QClouds/EMJ-2D.jpeg> <./papers/QClouds/EAHw-3D.jpeg> <./papers/QCl
ouds/EAHw-2D.jpeg>]
<papers/QClouds/Ew-fixed-AH.jpeg, id=902, 361.35pt x 252.945pt>
File: papers/QClouds/Ew-fixed-AH.jpeg Graphic file (type jpg)

<use papers/QClouds/Ew-fixed-AH.jpeg>
Package pdftex.def Info: papers/QClouds/Ew-fixed-AH.jpeg used on input line 445
.
(pdftex.def)             Requested size: 289.0859pt x 202.35622pt.
 [48 <./papers/QClouds/Ew-fixed-AH.jpeg>]) (./papers/selfInteractions/selfInter
actions.tex [49] [50


]
Chapter 3.

Underfull \vbox (badness 2050) has occurred while \output is active []

 [51]
[52] <papers/selfInteractions/w-vs-M-BSs2.png, id=960, 1284.8pt x 963.6pt>
File: papers/selfInteractions/w-vs-M-BSs2.png Graphic file (type png)

<use papers/selfInteractions/w-vs-M-BSs2.png>
Package pdftex.def Info: papers/selfInteractions/w-vs-M-BSs2.png used on input 
line 111.
(pdftex.def)             Requested size: 328.62788pt x 246.47197pt.


LaTeX Warning: `!h' float specifier changed to `!ht'.

[53] <papers/selfInteractions/max-mass.png, id=973, 578.16pt x 433.62pt>
File: papers/selfInteractions/max-mass.png Graphic file (type png)

<use papers/selfInteractions/max-mass.png>
Package pdftex.def Info: papers/selfInteractions/max-mass.png used on input lin
e 125.
(pdftex.def)             Requested size: 328.62788pt x 246.47124pt.


LaTeX Warning: `!h' float specifier changed to `!ht'.


Underfull \vbox (badness 10000) has occurred while \output is active []

 [54 <./papers/selfInteractions/w-vs-M-BSs2.png>] [55 <./papers/selfInteraction
s/max-mass.png>] <papers/selfInteractions/w-vs-M-0.png, id=998, 1284.8pt x 963.
6pt>
File: papers/selfInteractions/w-vs-M-0.png Graphic file (type png)

<use papers/selfInteractions/w-vs-M-0.png>
Package pdftex.def Info: papers/selfInteractions/w-vs-M-0.png used on input lin
e 163.
(pdftex.def)             Requested size: 225.34381pt x 169.0001pt.

<papers/selfInteractions/BH-w-Mtimes4.png, id=999, 1284.8pt x 963.6pt>
File: papers/selfInteractions/BH-w-Mtimes4.png Graphic file (type png)

<use papers/selfInteractions/BH-w-Mtimes4.png>
Package pdftex.def Info: papers/selfInteractions/BH-w-Mtimes4.png used on input
 line 164.
(pdftex.def)             Requested size: 225.34381pt x 169.0001pt.

Underfull \vbox (badness 3780) has occurred while \output is active []

 [56 <./papers/selfInteractions/w-vs-M-0.png> <./papers/selfInteractions/BH-w-M
times4.png>] <papers/selfInteractions/c2=0-J-M.png, id=1008, 1284.8pt x 963.6pt
>
File: papers/selfInteractions/c2=0-J-M.png Graphic file (type png)

<use papers/selfInteractions/c2=0-J-M.png>
Package pdftex.def Info: papers/selfInteractions/c2=0-J-M.png used on input lin
e 177.
(pdftex.def)             Requested size: 225.34381pt x 169.0001pt.

<papers/selfInteractions/c2=100-J-M.png, id=1009, 1284.8pt x 963.6pt>
File: papers/selfInteractions/c2=100-J-M.png Graphic file (type png)

<use papers/selfInteractions/c2=100-J-M.png>
Package pdftex.def Info: papers/selfInteractions/c2=100-J-M.png used on input l
ine 178.
(pdftex.def)             Requested size: 225.34381pt x 169.0001pt.

<papers/selfInteractions/c2=350-J-M.png, id=1010, 1284.8pt x 963.6pt>
File: papers/selfInteractions/c2=350-J-M.png Graphic file (type png)

<use papers/selfInteractions/c2=350-J-M.png>
Package pdftex.def Info: papers/selfInteractions/c2=350-J-M.png used on input l
ine 179.
(pdftex.def)             Requested size: 225.34381pt x 169.0001pt.

<papers/selfInteractions/c2=750-J-M.png, id=1011, 1284.8pt x 963.6pt>
File: papers/selfInteractions/c2=750-J-M.png Graphic file (type png)

<use papers/selfInteractions/c2=750-J-M.png>
Package pdftex.def Info: papers/selfInteractions/c2=750-J-M.png used on input l
ine 180.
(pdftex.def)             Requested size: 225.34381pt x 169.0001pt.

<papers/selfInteractions/horizon-quantities.png, id=1013, 1284.8pt x 963.6pt>
File: papers/selfInteractions/horizon-quantities.png Graphic file (type png)

<use papers/selfInteractions/horizon-quantities.png>
Package pdftex.def Info: papers/selfInteractions/horizon-quantities.png used on
 input line 198.
(pdftex.def)             Requested size: 328.62788pt x 246.47197pt.
 [57 <./papers/selfInteractions/c2=0-J-M.png> <./papers/selfInteractions/c2=100
-J-M.png> <./papers/selfInteractions/c2=350-J-M.png> <./papers/selfInteractions
/c2=750-J-M.png>] [58 <./papers/selfInteractions/horizon-quantities.png>]
<papers/selfInteractions/horizon-ratios.png, id=1028, 1284.8pt x 963.6pt>
File: papers/selfInteractions/horizon-ratios.png Graphic file (type png)

<use papers/selfInteractions/horizon-ratios.png>
Package pdftex.def Info: papers/selfInteractions/horizon-ratios.png used on inp
ut line 217.
(pdftex.def)             Requested size: 328.62788pt x 246.47197pt.

Underfull \vbox (badness 10000) has occurred while \output is active []

 [59 <./papers/selfInteractions/horizon-ratios.png>]
<papers/selfInteractions/w-vs-M-Q-a=05.png, id=1038, 1284.8pt x 963.6pt>
File: papers/selfInteractions/w-vs-M-Q-a=05.png Graphic file (type png)

<use papers/selfInteractions/w-vs-M-Q-a=05.png>
Package pdftex.def Info: papers/selfInteractions/w-vs-M-Q-a=05.png used on inpu
t line 259.
(pdftex.def)             Requested size: 328.62788pt x 246.47197pt.


LaTeX Warning: `!h' float specifier changed to `!ht'.

<papers/selfInteractions/horizon-ratios-Q.png, id=1042, 1284.8pt x 963.6pt>
File: papers/selfInteractions/horizon-ratios-Q.png Graphic file (type png)

<use papers/selfInteractions/horizon-ratios-Q.png>
Package pdftex.def Info: papers/selfInteractions/horizon-ratios-Q.png used on i
nput line 278.
(pdftex.def)             Requested size: 328.62788pt x 246.47197pt.


LaTeX Warning: `!h' float specifier changed to `!ht'.


Underfull \vbox (badness 10000) has occurred while \output is active []

 [60])
(./papers/Proca/proca.tex [61 <./papers/selfInteractions/w-vs-M-Q-a=05.png>]
[62 <./papers/selfInteractions/horizon-ratios-Q.png>]
Chapter 4.
[63


] [64] [65] [66] [67] [68]
<papers/Proca/wM-m1-comparison.pdf, id=1171, 361.35pt x 252.945pt>
File: papers/Proca/wM-m1-comparison.pdf Graphic file (type pdf)

<use papers/Proca/wM-m1-comparison.pdf>
Package pdftex.def Info: papers/Proca/wM-m1-comparison.pdf used on input line 5
21.
(pdftex.def)             Requested size: 328.62788pt x 230.04137pt.


LaTeX Warning: `!h' float specifier changed to `!ht'.

[69]
Underfull \vbox (badness 10000) has occurred while \output is active []

 [70 <./papers/Proca/wM-m1-comparison.pdf>] [71] [72]
<papers/Proca/PS-ro-m1.pdf, id=1246, 361.35pt x 252.945pt>
File: papers/Proca/PS-ro-m1.pdf Graphic file (type pdf)

<use papers/Proca/PS-ro-m1.pdf>
Package pdftex.def Info: papers/Proca/PS-ro-m1.pdf used on input line 615.
(pdftex.def)             Requested size: 230.46748pt x 161.32846pt.

<papers/Proca/PS-T34-m1.pdf, id=1247, 361.35pt x 252.945pt>
File: papers/Proca/PS-T34-m1.pdf Graphic file (type pdf)

<use papers/Proca/PS-T34-m1.pdf>
Package pdftex.def Info: papers/Proca/PS-T34-m1.pdf used on input line 616.
(pdftex.def)             Requested size: 230.46748pt x 161.32846pt.

<papers/Proca/BS-ro-m1.pdf, id=1248, 361.35pt x 252.945pt>
File: papers/Proca/BS-ro-m1.pdf Graphic file (type pdf)

<use papers/Proca/BS-ro-m1.pdf>
Package pdftex.def Info: papers/Proca/BS-ro-m1.pdf used on input line 617.
(pdftex.def)             Requested size: 230.46748pt x 161.32846pt.

<papers/Proca/BS-T34-m1.pdf, id=1249, 361.35pt x 252.945pt>
File: papers/Proca/BS-T34-m1.pdf Graphic file (type pdf)

<use papers/Proca/BS-T34-m1.pdf>
Package pdftex.def Info: papers/Proca/BS-T34-m1.pdf used on input line 618.
(pdftex.def)             Requested size: 230.46748pt x 161.32846pt.


LaTeX Warning: `!h' float specifier changed to `!ht'.

<papers/Proca/PS-ro-m2.pdf, id=1256, 361.35pt x 252.945pt>
File: papers/Proca/PS-ro-m2.pdf Graphic file (type pdf)

<use papers/Proca/PS-ro-m2.pdf>
Package pdftex.def Info: papers/Proca/PS-ro-m2.pdf used on input line 628.
(pdftex.def)             Requested size: 230.46748pt x 161.32846pt.

<papers/Proca/PS-T34-m2.pdf, id=1257, 361.35pt x 252.945pt>
File: papers/Proca/PS-T34-m2.pdf Graphic file (type pdf)

<use papers/Proca/PS-T34-m2.pdf>
Package pdftex.def Info: papers/Proca/PS-T34-m2.pdf used on input line 629.
(pdftex.def)             Requested size: 230.46748pt x 161.32846pt.

<papers/Proca/BS-ro-m2.pdf, id=1258, 361.35pt x 252.945pt>
File: papers/Proca/BS-ro-m2.pdf Graphic file (type pdf)

<use papers/Proca/BS-ro-m2.pdf>
Package pdftex.def Info: papers/Proca/BS-ro-m2.pdf used on input line 630.
(pdftex.def)             Requested size: 230.46748pt x 161.32846pt.

<papers/Proca/BS-T34-m2.pdf, id=1259, 361.35pt x 252.945pt>
File: papers/Proca/BS-T34-m2.pdf Graphic file (type pdf)

<use papers/Proca/BS-T34-m2.pdf>
Package pdftex.def Info: papers/Proca/BS-T34-m2.pdf used on input line 631.
(pdftex.def)             Requested size: 230.46748pt x 161.32846pt.


LaTeX Warning: `!h' float specifier changed to `!ht'.

<papers/Proca/3DPS1-m=1-v2.pdf, id=1262, 227.40959pt x 163.812pt>
File: papers/Proca/3DPS1-m=1-v2.pdf Graphic file (type pdf)

<use papers/Proca/3DPS1-m=1-v2.pdf>
Package pdftex.def Info: papers/Proca/3DPS1-m=1-v2.pdf used on input line 641.
(pdftex.def)             Requested size: 173.56198pt x 125.0233pt.

<papers/Proca/3DPS1-m=2-v2.pdf, id=1263, 217.7736pt x 154.17601pt>
File: papers/Proca/3DPS1-m=2-v2.pdf Graphic file (type pdf)

<use papers/Proca/3DPS1-m=2-v2.pdf>
Package pdftex.def Info: papers/Proca/3DPS1-m=2-v2.pdf used on input line 642.
(pdftex.def)             Requested size: 173.56198pt x 122.87985pt.


LaTeX Warning: `!h' float specifier changed to `!ht'.

<papers/Proca/w-Comp-Schw.pdf, id=1271, 361.35pt x 252.945pt>
File: papers/Proca/w-Comp-Schw.pdf Graphic file (type pdf)

<use papers/Proca/w-Comp-Schw.pdf>
Package pdftex.def Info: papers/Proca/w-Comp-Schw.pdf used on input line 664.
(pdftex.def)             Requested size: 328.62788pt x 230.04137pt.


LaTeX Warning: `!h' float specifier changed to `!ht'.

[73] [74 <./papers/Proca/PS-ro-m1.pdf> <./papers/Proca/PS-T34-m1.pdf> <./papers
/Proca/BS-ro-m1.pdf> <./papers/Proca/BS-T34-m1.pdf>] [75 <./papers/Proca/PS-ro-
m2.pdf> <./papers/Proca/PS-T34-m2.pdf> <./papers/Proca/BS-ro-m2.pdf> <./papers/
Proca/BS-T34-m2.pdf>]
Underfull \vbox (badness 10000) has occurred while \output is active []

 [76 <./papers/Proca/3DPS1-m=1-v2.pdf> <./papers/Proca/3DPS1-m=2-v2.pdf> <./pap
ers/Proca/w-Comp-Schw.pdf>] [77] [78]
<papers/Proca/BH-w-M-with-points.pdf, id=1419, 361.35pt x 252.945pt>
File: papers/Proca/BH-w-M-with-points.pdf Graphic file (type pdf)

<use papers/Proca/BH-w-M-with-points.pdf>
Package pdftex.def Info: papers/Proca/BH-w-M-with-points.pdf used on input line
 837.
(pdftex.def)             Requested size: 328.62788pt x 230.04137pt.


LaTeX Warning: `!h' float specifier changed to `!ht'.

[79]
Underfull \vbox (badness 10000) has occurred while \output is active []

 [80 <./papers/Proca/BH-w-M-with-points.pdf>]
<papers/Proca/BH-J-M.pdf, id=1464, 361.35pt x 252.945pt>
File: papers/Proca/BH-J-M.pdf Graphic file (type pdf)

<use papers/Proca/BH-J-M.pdf>
Package pdftex.def Info: papers/Proca/BH-J-M.pdf used on input line 861.
(pdftex.def)             Requested size: 328.62788pt x 230.04137pt.

<papers/Proca/ProcaBH-j-v-bound.pdf, id=1468, 361.35pt x 252.945pt>
File: papers/Proca/ProcaBH-j-v-bound.pdf Graphic file (type pdf)

<use papers/Proca/ProcaBH-j-v-bound.pdf>
Package pdftex.def Info: papers/Proca/ProcaBH-j-v-bound.pdf used on input line 
873.
(pdftex.def)             Requested size: 230.46748pt x 161.32846pt.

<papers/Proca/ProcaBH-jKv-bound.pdf, id=1469, 361.35pt x 252.945pt>
File: papers/Proca/ProcaBH-jKv-bound.pdf Graphic file (type pdf)

<use papers/Proca/ProcaBH-jKv-bound.pdf>
Package pdftex.def Info: papers/Proca/ProcaBH-jKv-bound.pdf used on input line 
874.
(pdftex.def)             Requested size: 230.46748pt x 161.32846pt.


LaTeX Warning: `!h' float specifier changed to `!ht'.


Underfull \vbox (badness 10000) has occurred while \output is active []

 [81 <./papers/Proca/BH-J-M.pdf>]
<papers/Proca/BH-ro-m1.pdf, id=1483, 361.35pt x 252.945pt>
File: papers/Proca/BH-ro-m1.pdf Graphic file (type pdf)

<use papers/Proca/BH-ro-m1.pdf>
Package pdftex.def Info: papers/Proca/BH-ro-m1.pdf used on input line 895.
(pdftex.def)             Requested size: 230.46748pt x 161.32846pt.

<papers/Proca/BH-T34.pdf, id=1484, 361.35pt x 252.945pt>
File: papers/Proca/BH-T34.pdf Graphic file (type pdf)

<use papers/Proca/BH-T34.pdf>
Package pdftex.def Info: papers/Proca/BH-T34.pdf used on input line 896.
(pdftex.def)             Requested size: 230.46748pt x 161.32846pt.


LaTeX Warning: `!h' float specifier changed to `!ht'.

<papers/Proca/3Dbh.pdf, id=1489, 669.50125pt x 530.98375pt>
File: papers/Proca/3Dbh.pdf Graphic file (type pdf)

<use papers/Proca/3Dbh.pdf>
Package pdftex.def Info: papers/Proca/3Dbh.pdf used on input line 906.
(pdftex.def)             Requested size: 173.56198pt x 137.6555pt.


LaTeX Warning: `!h' float specifier changed to `!ht'.

<papers/Proca/Ttr-horizon.pdf, id=1492, 185.0112pt x 147.9126pt>
File: papers/Proca/Ttr-horizon.pdf Graphic file (type pdf)

<use papers/Proca/Ttr-horizon.pdf>
Package pdftex.def Info: papers/Proca/Ttr-horizon.pdf used on input line 915.
(pdftex.def)             Requested size: 156.49014pt x 125.11691pt.

<papers/Proca/T34-horizon.pdf, id=1493, 197.05621pt x 148.8762pt>
File: papers/Proca/T34-horizon.pdf Graphic file (type pdf)

<use papers/Proca/T34-horizon.pdf>
Package pdftex.def Info: papers/Proca/T34-horizon.pdf used on input line 916.
(pdftex.def)             Requested size: 170.71652pt x 128.98059pt.


LaTeX Warning: `!h' float specifier changed to `!ht'.


Underfull \vbox (badness 10000) has occurred while \output is active []

 [82 <./papers/Proca/ProcaBH-j-v-bound.pdf> <./papers/Proca/ProcaBH-jKv-bound.p
df>]
<papers/Proca/BH-TH-AH.pdf, id=1512, 361.35pt x 252.945pt>
File: papers/Proca/BH-TH-AH.pdf Graphic file (type pdf)

<use papers/Proca/BH-TH-AH.pdf>
Package pdftex.def Info: papers/Proca/BH-TH-AH.pdf used on input line 932.
(pdftex.def)             Requested size: 230.46748pt x 161.32846pt.

<papers/Proca/scalar-BH-TH-AH.pdf, id=1513, 361.35pt x 252.945pt>
File: papers/Proca/scalar-BH-TH-AH.pdf Graphic file (type pdf)

<use papers/Proca/scalar-BH-TH-AH.pdf>
Package pdftex.def Info: papers/Proca/scalar-BH-TH-AH.pdf used on input line 93
3.
(pdftex.def)             Requested size: 230.46748pt x 161.32846pt.


LaTeX Warning: `!h' float specifier changed to `!ht'.


Underfull \vbox (badness 10000) has occurred while \output is active []

 [83 <./papers/Proca/BH-ro-m1.pdf> <./papers/Proca/BH-T34.pdf> <./papers/Proca/
3Dbh.pdf>]
[84 <./papers/Proca/Ttr-horizon.pdf> <./papers/Proca/T34-horizon.pdf> <./papers
/Proca/BH-TH-AH.pdf> <./papers/Proca/scalar-BH-TH-AH.pdf>])
(./papers/KerrNewman/KerrNewman.tex [85] [86


]
Chapter 5.
[87] [88] [89] [90]
<papers/KerrNewman/BH-w-M.pdf, id=1629, 361.35pt x 252.945pt>
File: papers/KerrNewman/BH-w-M.pdf Graphic file (type pdf)

<use papers/KerrNewman/BH-w-M.pdf>
Package pdftex.def Info: papers/KerrNewman/BH-w-M.pdf used on input line 188.
(pdftex.def)             Requested size: 225.34381pt x 157.74286pt.

<papers/KerrNewman/zoom-w-M.pdf, id=1630, 361.35pt x 252.945pt>
File: papers/KerrNewman/zoom-w-M.pdf Graphic file (type pdf)

<use papers/KerrNewman/zoom-w-M.pdf>
Package pdftex.def Info: papers/KerrNewman/zoom-w-M.pdf used on input line 189.

(pdftex.def)             Requested size: 225.34381pt x 157.74286pt.
 [91 <./papers/KerrNewman/BH-w-M.pdf> <./papers/KerrNewman/zoom-w-M.pdf>]
<papers/KerrNewman/Mpsi.pdf, id=1751, 361.35pt x 252.945pt>
File: papers/KerrNewman/Mpsi.pdf Graphic file (type pdf)

<use papers/KerrNewman/Mpsi.pdf>
Package pdftex.def Info: papers/KerrNewman/Mpsi.pdf used on input line 246.
(pdftex.def)             Requested size: 225.34381pt x 157.74286pt.

<papers/KerrNewman/qg.pdf, id=1752, 361.35pt x 252.945pt>
File: papers/KerrNewman/qg.pdf Graphic file (type pdf)

<use papers/KerrNewman/qg.pdf>
Package pdftex.def Info: papers/KerrNewman/qg.pdf used on input line 247.
(pdftex.def)             Requested size: 225.34381pt x 157.74286pt.

Underfull \vbox (badness 10000) has occurred while \output is active []

 [92]
[93 <./papers/KerrNewman/Mpsi.pdf> <./papers/KerrNewman/qg.pdf>] [94]
<papers/KerrNewman/BS-w-M-gauged.pdf, id=1862, 361.35pt x 252.945pt>
File: papers/KerrNewman/BS-w-M-gauged.pdf Graphic file (type pdf)

<use papers/KerrNewman/BS-w-M-gauged.pdf>
Package pdftex.def Info: papers/KerrNewman/BS-w-M-gauged.pdf used on input line
 390.
(pdftex.def)             Requested size: 225.34381pt x 157.74286pt.

<papers/KerrNewman/BS-g-M-gauged.pdf, id=1863, 361.35pt x 252.945pt>
File: papers/KerrNewman/BS-g-M-gauged.pdf Graphic file (type pdf)

<use papers/KerrNewman/BS-g-M-gauged.pdf>
Package pdftex.def Info: papers/KerrNewman/BS-g-M-gauged.pdf used on input line
 391.
(pdftex.def)             Requested size: 225.34381pt x 157.74286pt.
 [95 <./papers/KerrNewman/BS-w-M-gauged.pdf> <./papers/KerrNewman/BS-g-M-gauged
.pdf>]
Underfull \vbox (badness 3724) has occurred while \output is active []

 [96]
<papers/KerrNewman/BH-q-AH.pdf, id=1922, 361.35pt x 252.945pt>
File: papers/KerrNewman/BH-q-AH.pdf Graphic file (type pdf)

<use papers/KerrNewman/BH-q-AH.pdf>
Package pdftex.def Info: papers/KerrNewman/BH-q-AH.pdf used on input line 468.
(pdftex.def)             Requested size: 225.34381pt x 157.74286pt.

<papers/KerrNewman/energy-2d.pdf, id=1923, 361.35pt x 252.945pt>
File: papers/KerrNewman/energy-2d.pdf Graphic file (type pdf)

<use papers/KerrNewman/energy-2d.pdf>
Package pdftex.def Info: papers/KerrNewman/energy-2d.pdf used on input line 469
.
(pdftex.def)             Requested size: 225.34381pt x 157.74286pt.
 [97 <./papers/KerrNewman/BH-q-AH.pdf> <./papers/KerrNewman/energy-2d.pdf>]) (.
/conclusions.tex [98]
Chapter 6.

Underfull \vbox (badness 10000) has occurred while \output is active []

 [99


]
Underfull \vbox (badness 3724) has occurred while \output is active []

 [100]
[101] [102


]
Chapter 7.
<Figs/skuggi2a.pdf, id=2047, 349.305pt x 349.305pt>
File: Figs/skuggi2a.pdf Graphic file (type pdf)
 <use Figs/skuggi2a.pdf>
Package pdftex.def Info: Figs/skuggi2a.pdf used on input line 105.
(pdftex.def)             Requested size: 225.34381pt x 225.34529pt.

<Figs/skuggi2b.pdf, id=2048, 349.305pt x 349.305pt>
File: Figs/skuggi2b.pdf Graphic file (type pdf)
 <use Figs/skuggi2b.pdf>
Package pdftex.def Info: Figs/skuggi2b.pdf used on input line 106.
(pdftex.def)             Requested size: 225.34381pt x 225.34529pt.


LaTeX Warning: `!h' float specifier changed to `!ht'.

[103]
Underfull \vbox (badness 10000) has occurred while \output is active []

 [104 <./Figs/skuggi2a.pdf> <./Figs/skuggi2b.pdf>]) [105] [106


] [107] [108


]
\openout2 = `spheroidalProlate.aux'.


(./spheroidalProlate.tex
Appendix A.
) [109



]
\openout2 = `BCs.aux'.

 (./BCs.tex [110




]
Appendix B.
[111]
Overfull \hbox (19.33263pt too wide) in alignment at lines 52--60
 [][][] []
 []


Overfull \hbox (25.64594pt too wide) in paragraph at lines 78--78
[] 
 []

[112]) [113]
\openout2 = `procaAppendix.aux'.

 (./procaAppendix.tex [114




]
Appendix C.

Overfull \hbox (33.87082pt too wide) in alignment at lines 8--30
 [][][] []
 []


Overfull \hbox (23.23233pt too wide) detected at line 38
[][][] \OT1/cmr/m/n/10.95 = \OML/cmm/m/it/10.95 W[] [] \OMS/cmsy/m/n/10.95 ^^@ 
[] \OML/cmm/m/it/10.95 ;
 []


Overfull \hbox (34.21571pt too wide) in alignment at lines 42--54
 [][][] []
 []


Overfull \hbox (49.57886pt too wide) in alignment at lines 57--66
 [][][] []
 []


Overfull \hbox (49.32185pt too wide) in alignment at lines 71--93
 [][][] []
 []

[115]
Overfull \hbox (40.50574pt too wide) in alignment at lines 97--110
 [][][] []
 []


Overfull \hbox (1.8392pt too wide) in alignment at lines 171--197
 [][][] []
 []

[116]
Overfull \hbox (9.13785pt too wide) in alignment at lines 224--250
 [][][] []
 []


Overfull \hbox (24.60876pt too wide) in alignment at lines 297--346
 [][][] []
 []

[117]
Overfull \hbox (54.28906pt too wide) in alignment at lines 439--481
 [][][] []
 []

[118]) [119]
\openout2 = `numericalData.aux'.

 (./numericalData.tex [120




]
Appendix D.
) [121]
\openout2 = `pub-list.aux'.

 (./pub-list.tex [122




]
Appendix E.
LaTeX Font Info:    Try loading font information for T1+cmtt on input line 13.
(/usr/share/texmf-dist/tex/latex/base/t1cmtt.fd
File: t1cmtt.fd 2014/09/29 v2.5h Standard LaTeX font definitions
)) [123] [124



] (./thesis.bbl
(./thesis.brf)
\tf@brf=\write6
\openout6 = `thesis.brf'.


Underfull \hbox (badness 1173) in paragraph at lines 57--57
[]\T1/cmr/m/n/10.95 G. W. Gib-bons and C. M. Hull, Phys. Lett. B \T1/cmr/bx/n/1
0.95 109 \T1/cmr/m/n/10.95 (1982) 190. doi:10.1016/0370-
 []


Underfull \hbox (badness 2384) in paragraph at lines 103--103
[]\T1/cmr/m/n/10.95 P. Pani, E. Berti and L. Gualtieri, Phys. Rev. Lett. \T1/cm
r/bx/n/10.95 110 \T1/cmr/m/n/10.95 (2013) no.24, 241103
 []


Underfull \hbox (badness 10000) in paragraph at lines 115--115
[]\T1/cmr/m/n/10.95 P. Pani, E. Berti and L. Gualtieri, Phys. Rev. D \T1/cmr/bx
/n/10.95 88 \T1/cmr/m/n/10.95 (2013) 064048
 []

[125


]
Underfull \hbox (badness 10000) in paragraph at lines 139--139
[]\T1/cmr/m/n/10.95 C. A. R. Herdeiro and E. Radu, Phys. Rev. Lett. \T1/cmr/bx/
n/10.95 112 \T1/cmr/m/n/10.95 (2014) 221101
 []


Underfull \hbox (badness 10000) in paragraph at lines 163--163
[]\T1/cmr/m/n/10.95 B. Klei-haus, J. Kunz and S. Yazad-jiev, Phys. Lett. B \T1/
cmr/bx/n/10.95 744 \T1/cmr/m/n/10.95 (2015) 406
 []


Underfull \hbox (badness 1127) in paragraph at lines 224--224
\T1/cmr/m/n/10.95 doi:10.1103/PhysRevD.86.129902, 10.1103/Phys-RevD.86.104026 [
arXiv:1211.3202 [gr-qc]].
 []


Underfull \hbox (badness 2065) in paragraph at lines 236--236
[]\T1/cmr/m/n/10.95 S. Hod, Eur. Phys. J. C \T1/cmr/bx/n/10.95 73 \T1/cmr/m/n/1
0.95 (2013) no.4, 2378 doi:10.1140/epjc/s10052-013-2378-x
 []

[126] [127]
Underfull \hbox (badness 5105) in paragraph at lines 414--414
[]\T1/cmr/m/n/10.95 S. Hod, Phys. Rev. D \T1/cmr/bx/n/10.95 90 \T1/cmr/m/n/10.9
5 (2014) no.2, 024051 doi:10.1103/PhysRevD.90.024051
 []


Underfull \hbox (badness 7759) in paragraph at lines 426--426
[]\T1/cmr/m/n/10.95 D. Nunez, H. Quevedo and D. Su-darsky, Phys. Rev. Lett. \T1
/cmr/bx/n/10.95 76 \T1/cmr/m/n/10.95 (1996) 571
 []


Underfull \hbox (badness 1097) in paragraph at lines 564--564
[]\T1/cmr/m/n/10.95 C. A. R. Herdeiro and E. Radu, Int. J. Mod. Phys. D \T1/cmr
/bx/n/10.95 24 \T1/cmr/m/n/10.95 (2015) no.09, 1542014
 []

[128]
Underfull \hbox (badness 10000) in paragraph at lines 642--642
[]\T1/cmr/m/n/10.95 U. Nu-ca-mendi and M. Sal-gado, Phys. Rev. D \T1/cmr/bx/n/1
0.95 68 \T1/cmr/m/n/10.95 (2003) 044026
 []


Underfull \hbox (badness 10000) in paragraph at lines 666--666
[]\T1/cmr/m/n/10.95 A. An-a-balon, D. Aste-fane-sei and R. Mann, JHEP \T1/cmr/b
x/n/10.95 1310 \T1/cmr/m/n/10.95 (2013) 184
 []


Underfull \hbox (badness 10000) in paragraph at lines 690--690
[]\T1/cmr/m/n/10.95 M. Cadoni and E. Franzin, Phys. Rev. D \T1/cmr/bx/n/10.95 9
1 \T1/cmr/m/n/10.95 (2015) no.10, 104011
 []


Underfull \hbox (badness 10000) in paragraph at lines 723--723
[]\T1/cmr/m/n/10.95 T. P. Sotiriou and S. Y. Zhou, Phys. Rev. D \T1/cmr/bx/n/10
.95 90 \T1/cmr/m/n/10.95 (2014) 124063
 []

[129]
Underfull \hbox (badness 10000) in paragraph at lines 735--735
[]\T1/cmr/m/n/10.95 T. P. Sotiriou and S. Y. Zhou, Phys. Rev. Lett. \T1/cmr/bx/
n/10.95 112 \T1/cmr/m/n/10.95 (2014) 251102
 []


Underfull \hbox (badness 10000) in paragraph at lines 769--769
[]\T1/cmr/m/n/10.95 K. A. Bron-nikov and J. C. Fab-ris, Phys. Rev. Lett. \T1/cm
r/bx/n/10.95 96 \T1/cmr/m/n/10.95 (2006) 251101
 []


Underfull \hbox (badness 8056) in paragraph at lines 781--781
[]\T1/cmr/m/n/10.95 E. Radu, Y. Shnir and D. H. Tchrakian, Phys. Lett. B \T1/cm
r/bx/n/10.95 703 \T1/cmr/m/n/10.95 (2011) 386
 []


Underfull \hbox (badness 10000) in paragraph at lines 840--840
[]\T1/cmr/m/n/10.95 B. Klei-haus, J. Kunz and E. Radu, Phys. Rev. Lett. \T1/cmr
/bx/n/10.95 106 \T1/cmr/m/n/10.95 (2011) 151104
 []

[130]
Underfull \hbox (badness 6876) in paragraph at lines 934--934
[]\T1/cmr/m/n/10.95 T. Damour, N. Deru-elle and R. Ruffini, Lett. Nuovo Cim. \T
1/cmr/bx/n/10.95 15 \T1/cmr/m/n/10.95 (1976) 257.
 []


Underfull \hbox (badness 1838) in paragraph at lines 972--972
[]\T1/cmr/m/n/10.95 B. R. Greene, S. D. Mathur and C. M. O'Neill, Phys. Rev. D 
\T1/cmr/bx/n/10.95 47 \T1/cmr/m/n/10.95 (1993) 2242
 []


Underfull \hbox (badness 2229) in paragraph at lines 1019--1019
[]\T1/cmr/m/n/10.95 I. Pena and D. Su-darsky, Class. Quant. Grav. \T1/cmr/bx/n/
10.95 14 \T1/cmr/m/n/10.95 (1997) 3131. doi:10.1088/0264-
 []

[131]
Underfull \hbox (badness 10000) in paragraph at lines 1064--1064
[]\T1/cmr/m/n/10.95 C. Vuille, J. Ipser and J. Gal-lagher, Gen. Rel. Grav. \T1/
cmr/bx/n/10.95 34 \T1/cmr/m/n/10.95 (2002) 689.
 []


Underfull \hbox (badness 10000) in paragraph at lines 1087--1087
[]\T1/cmr/m/n/10.95 S. Bhat-tacharya and A. Lahiri, Phys. Rev. D \T1/cmr/bx/n/1
0.95 83 \T1/cmr/m/n/10.95 (2011) 124017
 []


Underfull \hbox (badness 10000) in paragraph at lines 1111--1111
[]\T1/cmr/m/n/10.95 C. Herdeiro, E. Radu and H. Runars-son, Phys. Lett. B \T1/c
mr/bx/n/10.95 739 \T1/cmr/m/n/10.95 (2014) 302
 []


Underfull \hbox (badness 10000) in paragraph at lines 1123--1123
[]\T1/cmr/m/n/10.95 Y. Bri-haye, C. Herdeiro and E. Radu, Phys. Lett. B \T1/cmr
/bx/n/10.95 739 \T1/cmr/m/n/10.95 (2014) 1
 []


Underfull \hbox (badness 1466) in paragraph at lines 1123--1123
\T1/cmr/m/n/10.95 doi:10.1016/j.physletb.2014.10.019 [arXiv:1408.5581 [gr-qc]].
  (Cited on pages []69[], []77[],
 []


Underfull \hbox (badness 10000) in paragraph at lines 1145--1145
[]\T1/cmr/m/n/10.95 M. Wang and C. Herdeiro, Phys. Rev. D \T1/cmr/bx/n/10.95 93
 \T1/cmr/m/n/10.95 (2016) no.6, 064066
 []

[132]
Underfull \hbox (badness 2181) in paragraph at lines 1191--1191
[]\T1/cmr/m/n/10.95 C. Herdeiro, J. Kunz, E. Radu and B. Sub-agyo, Phys. Lett. 
B \T1/cmr/bx/n/10.95 748 \T1/cmr/m/n/10.95 (2015) 30
 []


Underfull \hbox (badness 1097) in paragraph at lines 1203--1203
[]\T1/cmr/m/n/10.95 C. A. R. Herdeiro and E. Radu, Int. J. Mod. Phys. D \T1/cmr
/bx/n/10.95 24 \T1/cmr/m/n/10.95 (2015) no.12, 1544022
 []


Underfull \hbox (badness 5374) in paragraph at lines 1215--1215
[]\T1/cmr/m/n/10.95 O. J. C. Dias, G. T. Horowitz and J. E. San-tos, JHEP \T1/c
mr/bx/n/10.95 1107 \T1/cmr/m/n/10.95 (2011) 115
 []


Underfull \hbox (badness 6608) in paragraph at lines 1238--1238
[]\T1/cmr/m/n/10.95 T. Jo-hannsen, Class. Quant. Grav. \T1/cmr/bx/n/10.95 33 \T
1/cmr/m/n/10.95 (2016) no.11, 113001 doi:10.1088/0264-
 []


Underfull \hbox (badness 10000) in paragraph at lines 1250--1250
[]\T1/cmr/m/n/10.95 C. Herdeiro and E. Radu, Phys. Rev. D \T1/cmr/bx/n/10.95 89
 \T1/cmr/m/n/10.95 (2014) no.12, 124018
 []

[133]
Underfull \hbox (badness 1412) in paragraph at lines 1331--1331
[]\T1/cmr/m/n/10.95 A. Kusenko, Phys. Lett. B \T1/cmr/bx/n/10.95 405 \T1/cmr/m/
n/10.95 (1997) 108 doi:10.1016/S0370-2693(97)00584-4 [hep-
 []


Underfull \hbox (badness 3108) in paragraph at lines 1390--1390
[]\T1/cmr/m/n/10.95 H. K. Kun-duri, J. Lu-ci-etti and H. S. Re-all, Phys. Rev. 
D \T1/cmr/bx/n/10.95 74 \T1/cmr/m/n/10.95 (2006) 084021
 []


Underfull \hbox (badness 10000) in paragraph at lines 1402--1402
[]\T1/cmr/m/n/10.95 M. S. Volkov and E. Wohn-ert, Phys. Rev. D \T1/cmr/bx/n/10.
95 66 \T1/cmr/m/n/10.95 (2002) 085003
 []


Underfull \hbox (badness 10000) in paragraph at lines 1414--1414
[]\T1/cmr/m/n/10.95 B. Klei-haus, J. Kunz and M. List, Phys. Rev. D \T1/cmr/bx/
n/10.95 72 \T1/cmr/m/n/10.95 (2005) 064002
 []


Underfull \hbox (badness 1852) in paragraph at lines 1426--1426
[]\T1/cmr/m/n/10.95 B. Klei-haus, J. Kunz, M. List and I. Schaf-fer, Phys. Rev.
 D \T1/cmr/bx/n/10.95 77 \T1/cmr/m/n/10.95 (2008) 064025
 []


Underfull \hbox (badness 1728) in paragraph at lines 1450--1450
[]\T1/cmr/m/n/10.95 B. Klei-haus, J. Kunz, E. Radu and B. Sub-agyo, Phys. Lett.
 B \T1/cmr/bx/n/10.95 725 \T1/cmr/m/n/10.95 (2013) 489
 []


Underfull \hbox (badness 3199) in paragraph at lines 1473--1473
[]\T1/cmr/m/n/10.95 M. Colpi, S. L. Shapiro and I. Wasser-man, Phys. Rev. Lett.
 \T1/cmr/bx/n/10.95 57 \T1/cmr/m/n/10.95 (1986) 2485.
 []

[134]
Underfull \hbox (badness 5105) in paragraph at lines 1598--1598
[]\T1/cmr/m/n/10.95 S. Hod, Phys. Rev. D \T1/cmr/bx/n/10.95 88 \T1/cmr/m/n/10.9
5 (2013) no.6, 064055 doi:10.1103/PhysRevD.88.064055
 []


Underfull \hbox (badness 2334) in paragraph at lines 1610--1610
[]\T1/cmr/m/n/10.95 J. C. De-gol-lado and C. A. R. Herdeiro, Phys. Rev. D \T1/c
mr/bx/n/10.95 89 \T1/cmr/m/n/10.95 (2014) no.6, 063005
 []

[135]
Underfull \hbox (badness 4492) in paragraph at lines 1646--1646
[]\T1/cmr/m/n/10.95 R. Li, Y. Tian, H. b. Zhang and J. Zhao, Phys. Lett. B \T1/
cmr/bx/n/10.95 750 \T1/cmr/m/n/10.95 (2015) 520
 []


Underfull \hbox (badness 10000) in paragraph at lines 1658--1658
[]\T1/cmr/m/n/10.95 A. A. H. Gra-ham and R. Jha, Phys. Rev. D \T1/cmr/bx/n/10.9
5 90 \T1/cmr/m/n/10.95 (2014) no.4, 041501
 []


Underfull \hbox (badness 10000) in paragraph at lines 1750--1750
[]\T1/cmr/m/n/10.95 C. E. Rhoades, Jr. and R. Ruffini, Phys. Rev. Lett. \T1/cmr
/bx/n/10.95 32 \T1/cmr/m/n/10.95 (1974) 324.
 []


Underfull \hbox (badness 1990) in paragraph at lines 1762--1762
[]\T1/cmr/m/n/10.95 S. Hild, Class. Quant. Grav. \T1/cmr/bx/n/10.95 29 \T1/cmr/
m/n/10.95 (2012) 124006 doi:10.1088/0264-9381/29/12/124006
 []

[136]
Underfull \hbox (badness 10000) in paragraph at lines 1826--1826
[]\T1/cmr/m/n/10.95 G. Aad \T1/cmr/m/it/10.95 et al. \T1/cmr/m/n/10.95 [AT-LAS 
Col-lab-o-ra-tion], Phys. Lett. B \T1/cmr/bx/n/10.95 716 \T1/cmr/m/n/10.95 (201
2) 1
 []


Underfull \hbox (badness 10000) in paragraph at lines 1838--1838
[]\T1/cmr/m/n/10.95 S. Cha-trchyan \T1/cmr/m/it/10.95 et al. \T1/cmr/m/n/10.95 
[CMS Col-lab-o-ra-tion], Phys. Lett. B \T1/cmr/bx/n/10.95 716 \T1/cmr/m/n/10.95
 (2012) 30
 []


Underfull \hbox (badness 10000) in paragraph at lines 1877--1877
[]\T1/cmr/m/n/10.95 T. P. Sotiriou and V. Faraoni, Phys. Rev. Lett. \T1/cmr/bx/
n/10.95 108 \T1/cmr/m/n/10.95 (2012) 081103
 []

[137]
Underfull \hbox (badness 1231) in paragraph at lines 2009--2009
[]\T1/cmr/m/n/10.95 J. M. Bardeen, W. H. Press and S. A. Teukol-sky, As-tro-phy
s. J. \T1/cmr/bx/n/10.95 178 \T1/cmr/m/n/10.95 (1972) 347.
 []


Underfull \hbox (badness 6526) in paragraph at lines 2035--2035
[]\T1/cmr/m/n/10.95 S. R. Dolan, Phys. Rev. D \T1/cmr/bx/n/10.95 76 \T1/cmr/m/n
/10.95 (2007) 084001 doi:10.1103/PhysRevD.76.084001
 []

[138]
Underfull \hbox (badness 3019) in paragraph at lines 2071--2071
[]\T1/cmr/m/n/10.95 H. Okawa, H. Witek and V. Car-doso, Phys. Rev. D \T1/cmr/bx
/n/10.95 89 \T1/cmr/m/n/10.95 (2014) no.10, 104032
 []


Underfull \hbox (badness 10000) in paragraph at lines 2106--2106
[]\T1/cmr/m/n/10.95 M. Wang and C. Herdeiro, Phys. Rev. D \T1/cmr/bx/n/10.95 89
 \T1/cmr/m/n/10.95 (2014) no.8, 084062
 []

[139]
Underfull \hbox (badness 1097) in paragraph at lines 2174--2174
[]\T1/cmr/m/n/10.95 C. A. R. Herdeiro and E. Radu, Int. J. Mod. Phys. D \T1/cmr
/bx/n/10.95 23 \T1/cmr/m/n/10.95 (2014) no.12, 1442014
 []


Underfull \hbox (badness 1314) in paragraph at lines 2200--2200
[]\T1/cmr/m/n/10.95 P. V. P. Cunha, J. Grover, C. Herdeiro, E. Radu, H. Runars-
son and A. Wit-tig,
 []

)

Package caption Warning: Unused \captionsetup[table] on input line 45.
See the caption package documentation for explanation.

Package atveryend Info: Empty hook `BeforeClearDocument' on input line 200.
[140]
Package atveryend Info: Empty hook `AfterLastShipout' on input line 200.
 (./thesis.aux (./acks.aux) (./abs.aux) (./intro.aux)
(./spheroidalProlate.aux) (./BCs.aux) (./procaAppendix.aux)
(./numericalData.aux) (./pub-list.aux))
Package atveryend Info: Executing hook `AtVeryEndDocument' on input line 200.
Package atveryend Info: Executing hook `AtEndAfterFileList' on input line 200.
Package rerunfilecheck Info: File `thesis.out' has not changed.
(rerunfilecheck)             Checksum: 4AB5CDCC6A2FC9046E25A957E90B53A5;10192.
Package rerunfilecheck Info: File `thesis.brf' has not changed.
(rerunfilecheck)             Checksum: 072920C37253B0697922B140EA45A1B7;11066.
 ) 
Here is how much of TeX's memory you used:
 15802 strings out of 493013
 228385 string characters out of 6139317
 315486 words of memory out of 5000000
 18369 multiletter control sequences out of 15000+600000
 50126 words of font info for 152 fonts, out of 8000000 for 9000
 1141 hyphenation exceptions out of 8191
 43i,11n,41p,1622b,720s stack positions out of 5000i,500n,10000p,200000b,80000s
{/usr/share/texmf-dist/fonts/enc/dvips/cm-super/cm-super-t1.enc}{/usr/share/t
exmf-dist/fonts/enc/dvips/cm-super/cm-super-ts1.enc}</usr/share/texmf-dist/font
s/type1/public/amsfonts/cm/cmbx10.pfb></usr/share/texmf-dist/fonts/type1/public
/amsfonts/cm/cmbx8.pfb></usr/share/texmf-dist/fonts/type1/public/amsfonts/cm/cm
ex10.pfb></usr/share/texmf-dist/fonts/type1/public/amsfonts/cmextra/cmex9.pfb><
/usr/share/texmf-dist/fonts/type1/public/amsfonts/cm/cmmi10.pfb></usr/share/tex
mf-dist/fonts/type1/public/amsfonts/cm/cmmi12.pfb></usr/share/texmf-dist/fonts/
type1/public/amsfonts/cm/cmmi5.pfb></usr/share/texmf-dist/fonts/type1/public/am
sfonts/cm/cmmi6.pfb></usr/share/texmf-dist/fonts/type1/public/amsfonts/cm/cmmi7
.pfb></usr/share/texmf-dist/fonts/type1/public/amsfonts/cm/cmmi8.pfb></usr/shar
e/texmf-dist/fonts/type1/public/amsfonts/cm/cmmi9.pfb></usr/share/texmf-dist/fo
nts/type1/public/amsfonts/cm/cmr10.pfb></usr/share/texmf-dist/fonts/type1/publi
c/amsfonts/cm/cmr6.pfb></usr/share/texmf-dist/fonts/type1/public/amsfonts/cm/cm
r7.pfb></usr/share/texmf-dist/fonts/type1/public/amsfonts/cm/cmr8.pfb></usr/sha
re/texmf-dist/fonts/type1/public/amsfonts/cm/cmr9.pfb></usr/share/texmf-dist/fo
nts/type1/public/amsfonts/cm/cmsy10.pfb></usr/share/texmf-dist/fonts/type1/publ
ic/amsfonts/cm/cmsy8.pfb></usr/share/texmf-dist/fonts/type1/public/amsfonts/cm/
cmsy9.pfb></usr/share/texmf-dist/fonts/type1/public/amsfonts/latxfont/lasy10.pf
b></usr/share/texmf-dist/fonts/type1/public/amsfonts/symbols/msam10.pfb></usr/s
hare/texmf-dist/fonts/type1/public/amsfonts/symbols/msbm10.pfb></usr/share/texm
f-dist/fonts/type1/public/cm-super/sfbx1000.pfb></usr/share/texmf-dist/fonts/ty
pe1/public/cm-super/sfbx1095.pfb></usr/share/texmf-dist/fonts/type1/public/cm-s
uper/sfbx1200.pfb></usr/share/texmf-dist/fonts/type1/public/cm-super/sfbx1440.p
fb></usr/share/texmf-dist/fonts/type1/public/cm-super/sfbx2074.pfb></usr/share/
texmf-dist/fonts/type1/public/cm-super/sfbx2488.pfb></usr/share/texmf-dist/font
s/type1/public/cm-super/sfrm0600.pfb></usr/share/texmf-dist/fonts/type1/public/
cm-super/sfrm0800.pfb></usr/share/texmf-dist/fonts/type1/public/cm-super/sfrm09
00.pfb></usr/share/texmf-dist/fonts/type1/public/cm-super/sfrm1000.pfb></usr/sh
are/texmf-dist/fonts/type1/public/cm-super/sfrm1095.pfb></usr/share/texmf-dist/
fonts/type1/public/cm-super/sfsl1095.pfb></usr/share/texmf-dist/fonts/type1/pub
lic/cm-super/sfss0900.pfb></usr/share/texmf-dist/fonts/type1/public/cm-super/sf
ss1095.pfb></usr/share/texmf-dist/fonts/type1/public/cm-super/sfss1200.pfb></us
r/share/texmf-dist/fonts/type1/public/cm-super/sfsx1095.pfb></usr/share/texmf-d
ist/fonts/type1/public/cm-super/sfsx1440.pfb></usr/share/texmf-dist/fonts/type1
/public/cm-super/sfti0600.pfb></usr/share/texmf-dist/fonts/type1/public/cm-supe
r/sfti0900.pfb></usr/share/texmf-dist/fonts/type1/public/cm-super/sfti1095.pfb>
</usr/share/texmf-dist/fonts/type1/public/cm-super/sftt1095.pfb>
Output written on thesis.pdf (140 pages, 4008718 bytes).
PDF statistics:
 2856 PDF objects out of 2984 (max. 8388607)
 2484 compressed objects within 25 object streams
 572 named destinations out of 1000 (max. 500000)
 730 words of extra memory for PDF output out of 10000 (max. 10000000)

