\BOOKMARK [0][-]{chapter.6}{\376\377\000I\000n\000t\000r\000o\000d\000u\000c\000t\000i\000o\000n}{}% 1
\BOOKMARK [1][-]{section.7}{\376\377\000O\000b\000s\000e\000r\000v\000a\000t\000i\000o\000n\000a\000l\000\040\000e\000v\000i\000d\000e\000n\000c\000e\000\040\000f\000o\000r\000\040\000e\000x\000t\000r\000e\000m\000e\000l\000y\000\040\000c\000o\000m\000p\000a\000c\000t\000\040\000o\000b\000j\000e\000c\000t\000s}{chapter.6}% 2
\BOOKMARK [1][-]{section.8}{\376\377\000T\000h\000e\000\040\000g\000e\000n\000e\000r\000a\000l\000\040\000r\000e\000l\000a\000t\000i\000v\000i\000t\000y\000\040\000b\000l\000a\000c\000k\000\040\000h\000o\000l\000e\000\040\000p\000a\000r\000a\000d\000i\000g\000m}{chapter.6}% 3
\BOOKMARK [1][-]{section.10}{\376\377\000B\000e\000y\000o\000n\000d\000\040\000t\000h\000e\000\040\000c\000o\000n\000v\000e\000n\000t\000i\000o\000n\000a\000l\000:\000\040\000h\000a\000i\000r\000y\000\040\000b\000l\000a\000c\000k\000\040\000h\000o\000l\000e\000s}{chapter.6}% 4
\BOOKMARK [1][-]{section.11}{\376\377\000B\000o\000s\000o\000n\000\040\000s\000t\000a\000r\000s}{chapter.6}% 5
\BOOKMARK [1][-]{section.15}{\376\377\000S\000u\000p\000e\000r\000r\000a\000d\000i\000a\000n\000c\000e\000\040\000o\000f\000\040\000K\000e\000r\000r\000\040\000b\000l\000a\000c\000k\000\040\000h\000o\000l\000e\000s}{chapter.6}% 6
\BOOKMARK [1][-]{section.18}{\376\377\000A\000\040\000n\000e\000w\000\040\000t\000y\000p\000e\000\040\000o\000f\000\040\000h\000a\000i\000r\000y\000\040\000b\000l\000a\000c\000k\000\040\000h\000o\000l\000e\000s}{chapter.6}% 7
\BOOKMARK [0][-]{chapter.21}{\376\377\000Q\000-\000c\000l\000o\000u\000d\000s}{}% 8
\BOOKMARK [1][-]{section.22}{\376\377\000I\000n\000t\000r\000o\000d\000u\000c\000t\000i\000o\000n}{chapter.21}% 9
\BOOKMARK [1][-]{section.24}{\376\377\000T\000h\000e\000\040\000m\000o\000d\000e\000l}{chapter.21}% 10
\BOOKMARK [1][-]{section.36}{\376\377\000T\000h\000e\000\040\000s\000o\000l\000u\000t\000i\000o\000n\000s}{chapter.21}% 11
\BOOKMARK [2][-]{subsection.39}{\376\377\000L\000i\000m\000i\000t\000i\000n\000g\000\040\000k\000n\000o\000w\000n\000\040\000c\000a\000s\000e\000s\000:\000\040\000f\000l\000a\000t\000\040\000s\000p\000a\000c\000e\000\040\000Q\000-\000b\000a\000l\000l\000s\000\040\000a\000n\000d\000\040\000K\000e\000r\000r\000\040\000l\000i\000n\000e\000a\000r\000\040\000c\000l\000o\000u\000d\000s}{section.36}% 12
\BOOKMARK [2][-]{subsection.42}{\376\377\000N\000o\000n\000-\000l\000i\000n\000e\000a\000r\000\040\000Q\000-\000c\000l\000o\000u\000d\000s\000\040\000o\000n\000\040\000t\000h\000e\000\040\000K\000e\000r\000r\000\040\000b\000l\000a\000c\000k\000\040\000h\000o\000l\000e\000\040\000b\000a\000c\000k\000g\000r\000o\000u\000n\000d}{section.36}% 13
\BOOKMARK [1][-]{section.47}{\376\377\000D\000i\000s\000c\000u\000s\000s\000i\000o\000n}{chapter.21}% 14
\BOOKMARK [0][-]{chapter.48}{\376\377\000K\000e\000r\000r\000\040\000b\000l\000a\000c\000k\000\040\000h\000o\000l\000e\000s\000\040\000w\000i\000t\000h\000\040\000s\000e\000l\000f\000-\000i\000n\000t\000e\000r\000a\000c\000t\000i\000n\000g\000\040\000s\000c\000a\000l\000a\000r\000\040\000h\000a\000i\000r}{}% 15
\BOOKMARK [1][-]{section.49}{\376\377\000I\000n\000t\000r\000o\000d\000u\000c\000t\000i\000o\000n}{chapter.48}% 16
\BOOKMARK [1][-]{section.53}{\376\377\000T\000h\000e\000\040\000m\000o\000d\000e\000l}{chapter.48}% 17
\BOOKMARK [1][-]{section.55}{\376\377\000Q\000u\000a\000r\000t\000i\000c\000-\000B\000o\000s\000o\000n\000\040\000S\000t\000a\000r\000s}{chapter.48}% 18
\BOOKMARK [1][-]{section.58}{\376\377\000Q\000u\000a\000r\000t\000i\000c\000-\000K\000B\000H\000s\000S\000H\000:\000\040\000A\000D\000M\000\040\000q\000u\000a\000n\000t\000i\000t\000i\000e\000s}{chapter.48}% 19
\BOOKMARK [1][-]{section.62}{\376\377\000Q\000u\000a\000r\000t\000i\000c\000-\000K\000B\000H\000s\000S\000H\000:\000\040\000h\000o\000r\000i\000z\000o\000n\000\040\000q\000u\000a\000n\000t\000i\000t\000i\000e\000s}{chapter.48}% 20
\BOOKMARK [1][-]{section.65}{\376\377\000D\000i\000s\000c\000u\000s\000s\000i\000o\000n\000:\000\040\000u\000n\000i\000v\000e\000r\000s\000a\000l\000i\000t\000y\000\040\000a\000n\000d\000\040\000p\000h\000e\000n\000o\000m\000e\000n\000o\000l\000o\000g\000y}{chapter.48}% 21
\BOOKMARK [0][-]{chapter.69}{\376\377\000K\000e\000r\000r\000\040\000b\000l\000a\000c\000k\000\040\000h\000o\000l\000e\000s\000\040\000w\000i\000t\000h\000\040\000P\000r\000o\000c\000a\000\040\000h\000a\000i\000r}{}% 22
\BOOKMARK [1][-]{section.70}{\376\377\000I\000n\000t\000r\000o\000d\000u\000c\000t\000i\000o\000n}{chapter.69}% 23
\BOOKMARK [1][-]{section.72}{\376\377\000E\000i\000n\000s\000t\000e\000i\000n\040\023\000c\000o\000m\000p\000l\000e\000x\000-\000P\000r\000o\000c\000a\000\040\000m\000o\000d\000e\000l}{chapter.69}% 24
\BOOKMARK [1][-]{section.83}{\376\377\000N\000o\000\040\000P\000r\000o\000c\000a\000-\000h\000a\000i\000r\000\040\000t\000h\000e\000o\000r\000e\000m\000s}{chapter.69}% 25
\BOOKMARK [1][-]{section.84}{\376\377\000S\000t\000a\000t\000i\000o\000n\000a\000r\000y\000\040\000P\000r\000o\000c\000a\000\040\000c\000l\000o\000u\000d\000s\000\040\000a\000r\000o\000u\000n\000d\000\040\000K\000e\000r\000r}{chapter.69}% 26
\BOOKMARK [1][-]{section.95}{\376\377\000S\000p\000i\000n\000n\000i\000n\000g\000\040\000P\000r\000o\000c\000a\000\040\000s\000t\000a\000r\000s}{chapter.69}% 27
\BOOKMARK [1][-]{section.108}{\376\377\000K\000e\000r\000r\000\040\000B\000H\000s\000\040\000w\000i\000t\000h\000\040\000P\000r\000o\000c\000a\000\040\000H\000a\000i\000r}{chapter.69}% 28
\BOOKMARK [2][-]{subsection.113}{\376\377\000P\000h\000y\000s\000i\000c\000a\000l\000\040\000Q\000u\000a\000n\000t\000i\000t\000i\000e\000s}{section.108}% 29
\BOOKMARK [2][-]{subsection.126}{\376\377\000T\000h\000e\000\040\000d\000o\000m\000a\000i\000n\000\040\000o\000f\000\040\000e\000x\000i\000s\000t\000e\000n\000c\000e\000\040\000a\000n\000d\000\040\000p\000h\000a\000s\000e\000\040\000s\000p\000a\000c\000e}{section.108}% 30
\BOOKMARK [2][-]{subsection.130}{\376\377\000E\000n\000e\000r\000g\000y\000\040\000d\000i\000s\000t\000r\000i\000b\000u\000t\000i\000o\000n\000\040\000a\000n\000d\000\040\000h\000o\000r\000i\000z\000o\000n\000\040\000q\000u\000a\000n\000t\000i\000t\000i\000e\000s}{section.108}% 31
\BOOKMARK [1][-]{section.135}{\376\377\000D\000i\000s\000c\000u\000s\000s\000i\000o\000n}{chapter.69}% 32
\BOOKMARK [0][-]{chapter.136}{\376\377\000K\000e\000r\000r\000-\000N\000e\000w\000m\000a\000n\000\040\000b\000l\000a\000c\000k\000\040\000h\000o\000l\000e\000s\000\040\000w\000i\000t\000h\000\040\000s\000c\000a\000l\000a\000r\000\040\000h\000a\000i\000r}{}% 33
\BOOKMARK [1][-]{section.137}{\376\377\000I\000n\000t\000r\000o\000d\000u\000c\000t\000i\000o\000n}{chapter.136}% 34
\BOOKMARK [1][-]{section.138}{\376\377\000T\000h\000e\000\040\000u\000n\000g\000a\000u\000g\000e\000d\000\040\000s\000c\000a\000l\000a\000r\000\040\000f\000i\000e\000l\000d\000\040\000m\000o\000d\000e\000l}{chapter.136}% 35
\BOOKMARK [2][-]{subsection.139}{\376\377\000A\000c\000t\000i\000o\000n\000,\000\040\000e\000q\000u\000a\000t\000i\000o\000n\000s\000\040\000o\000f\000\040\000m\000o\000t\000i\000o\000n\000\040\000a\000n\000d\000\040\000a\000n\000s\000a\000t\000z}{section.138}% 36
\BOOKMARK [2][-]{subsection.144}{\376\377\000B\000o\000u\000n\000d\000a\000r\000y\000\040\000c\000o\000n\000d\000i\000t\000i\000o\000n\000s}{section.138}% 37
\BOOKMARK [2][-]{subsection.148}{\376\377\000P\000h\000y\000s\000i\000c\000a\000l\000\040\000q\000u\000a\000n\000t\000i\000t\000i\000e\000s}{section.138}% 38
\BOOKMARK [2][-]{subsection.155}{\376\377\000R\000e\000s\000u\000l\000t\000s\000\040}{section.138}% 39
\BOOKMARK [1][-]{section.160}{\376\377\000G\000a\000u\000g\000e\000d\000\040\000s\000c\000a\000l\000a\000r\000\040\000f\000i\000e\000l\000d\000\040\000m\000o\000d\000e\000l}{chapter.136}% 40
\BOOKMARK [2][-]{subsection.161}{\376\377\000M\000a\000i\000n\000\040\000d\000i\000f\000f\000e\000r\000e\000n\000c\000e\000s\000\040\000i\000n\000\040\000t\000h\000e\000\040\000m\000o\000d\000e\000l}{section.160}% 41
\BOOKMARK [2][-]{subsection.168}{\376\377\000F\000e\000a\000t\000u\000r\000e\000s\000\040\000o\000f\000\040\000t\000h\000e\000\040\000g\000a\000u\000g\000e\000d\000\040\000s\000c\000a\000l\000a\000r\000\040\000f\000i\000e\000l\000d\000\040\000s\000o\000l\000u\000t\000i\000o\000n\000s}{section.160}% 42
\BOOKMARK [1][-]{section.173}{\376\377\000D\000i\000s\000c\000u\000s\000s\000i\000o\000n}{chapter.136}% 43
\BOOKMARK [0][-]{chapter.174}{\376\377\000C\000o\000n\000c\000l\000u\000s\000i\000o\000n\000s}{}% 44
\BOOKMARK [0][-]{chapter.175}{\376\377\000O\000u\000t\000l\000o\000o\000k}{}% 45
\BOOKMARK [0][-]{appendix.177}{\376\377\000S\000p\000h\000e\000r\000o\000i\000d\000a\000l\000\040\000p\000r\000o\000l\000a\000t\000e\000\040\000c\000o\000o\000r\000d\000i\000n\000a\000t\000e\000s\000\040\000f\000o\000r\000\040\000K\000e\000r\000r}{}% 46
\BOOKMARK [0][-]{appendix.182}{\376\377\000B\000o\000u\000n\000d\000a\000r\000y\000\040\000c\000o\000n\000d\000i\000t\000i\000o\000n\000s\000\040\000a\000n\000d\000\040\000p\000h\000y\000s\000i\000c\000a\000l\000\040\000q\000u\000a\000n\000t\000i\000t\000i\000e\000s}{}% 47
\BOOKMARK [1][-]{section.183}{\376\377\000B\000o\000u\000n\000d\000a\000r\000y\000\040\000c\000o\000n\000d\000i\000t\000i\000o\000n\000s}{appendix.182}% 48
\BOOKMARK [1][-]{section.188}{\376\377\000P\000h\000y\000s\000i\000c\000a\000l\000\040\000q\000u\000a\000n\000t\000i\000t\000i\000e\000s}{appendix.182}% 49
\BOOKMARK [0][-]{appendix.198}{\376\377\000E\000q\000u\000a\000t\000i\000o\000n\000s\000\040\000o\000f\000\040\000m\000o\000t\000i\000o\000n\000s\000\040\000a\000n\000d\000\040\000e\000x\000p\000l\000i\000c\000i\000t\000\040\000f\000o\000r\000m\000\040\000o\000f\000\040\000m\000e\000t\000r\000i\000c\000\040\000f\000u\000n\000c\000t\000i\000o\000n\000s\000\040\000f\000o\000r\000\040\000t\000h\000e\000\040\000P\000r\000o\000c\000a\000\040\000m\000o\000d\000e\000l}{}% 50
\BOOKMARK [1][-]{section.199}{\376\377\000E\000i\000n\000s\000t\000e\000i\000n\000-\000P\000r\000o\000c\000a\000\040\000e\000q\000u\000a\000t\000i\000o\000n\000s\000\040\000o\000f\000\040\000m\000o\000t\000i\000o\000n}{appendix.198}% 51
\BOOKMARK [1][-]{section.218}{\376\377\000M\000e\000t\000r\000i\000c\000\040\000f\000u\000n\000c\000t\000i\000o\000n\000s\000\040\000f\000o\000r\000\040\000s\000t\000a\000t\000i\000o\000n\000a\000r\000y\000\040\000P\000r\000o\000c\000a\000\040\000c\000l\000o\000u\000d\000s}{appendix.198}% 52
\BOOKMARK [0][-]{appendix.224}{\376\377\000N\000u\000m\000e\000r\000i\000c\000a\000l\000\040\000d\000a\000t\000a\000\040\000m\000a\000d\000e\000\040\000a\000v\000a\000i\000l\000a\000b\000l\000e}{}% 53
\BOOKMARK [0][-]{appendix.225}{\376\377\000L\000i\000s\000t\000\040\000o\000f\000\040\000p\000u\000b\000l\000i\000c\000a\000t\000i\000o\000n\000s}{}% 54
\BOOKMARK [0][-]{appendix.231}{\376\377\000E\000n\000g\000l\000i\000s\000h\000\040\000v\000e\000r\000s\000i\000o\000n\000\040\000o\000f\000\040\000V\000\366\000l\000u\000s\000p\000\341\000\040\000v\000e\000r\000s\000e\000s}{}% 55
\BOOKMARK [0][-]{section*.232}{\376\377\000B\000i\000b\000l\000i\000o\000g\000r\000a\000p\000h\000y}{}% 56
